#
# There is insufficient memory for the Java Runtime Environment to continue.
# Native memory allocation (malloc) failed to allocate 1064464 bytes for Chunk::new
# Possible reasons:
#   The system is out of physical RAM or swap space
#   In 32 bit mode, the process size limit was hit
# Possible solutions:
#   Reduce memory load on the system
#   Increase physical memory or swap space
#   Check if swap backing store is full
#   Use 64 bit Java on a 64 bit OS
#   Decrease Java heap size (-Xmx/-Xms)
#   Decrease number of Java threads
#   Decrease Java thread stack sizes (-Xss)
#   Set larger code cache with -XX:ReservedCodeCacheSize=
# This output file may be truncated or incomplete.
#
#  Out of Memory Error (allocation.cpp:390), pid=2564, tid=0x00000000000028f4
#
# JRE version: OpenJDK Runtime Environment (8.0_152-b02) (build 1.8.0_152-release-1024-b02)
# Java VM: OpenJDK 64-Bit Server VM (25.152-b02 mixed mode windows-amd64 compressed oops)
# Failed to write core dump. Minidumps are not enabled by default on client versions of Windows
#

---------------  T H R E A D  ---------------

Current thread (0x00000000174b9000):  JavaThread "C2 CompilerThread0" daemon [_thread_in_native, id=10484, stack(0x0000000018dd0000,0x0000000018ed0000)]

Stack: [0x0000000018dd0000,0x0000000018ed0000]
[error occurred during error reporting (printing stack bounds), id 0xc0000005]

Native frames: (J=compiled Java code, j=interpreted, Vv=VM code, C=native code)


Current CompileTask:
C2:   6418 6468       4       java.io.File::<init> (47 bytes)


---------------  P R O C E S S  ---------------

Java Threads: ( => current thread )
  0x000000001ca06000 JavaThread "Cache worker for Java compile cache (D:\cloud-vision-master\android\CloudVision\.gradle\4.4\javaCompile)" [_thread_blocked, id=7272, stack(0x0000000025780000,0x0000000025880000)]
  0x000000001ca01000 JavaThread "Task worker for ':' Thread 3" [_thread_blocked, id=4900, stack(0x0000000025680000,0x0000000025780000)]
  0x000000001ca00000 JavaThread "Task worker for ':' Thread 2" [_thread_blocked, id=6816, stack(0x0000000025580000,0x0000000025680000)]
  0x000000001ca04000 JavaThread "Task worker for ':'" [_thread_in_Java, id=5756, stack(0x0000000025480000,0x0000000025580000)]
  0x000000001ca05800 JavaThread "Cache worker for Build Output Cleanup Cache (D:\cloud-vision-master\android\CloudVision\.gradle\buildOutputCleanup)" [_thread_blocked, id=2476, stack(0x0000000025380000,0x0000000025480000)]
  0x000000001ca02800 JavaThread "Cache worker for task history cache (D:\cloud-vision-master\android\CloudVision\.gradle\4.4\taskHistory)" [_thread_blocked, id=1652, stack(0x0000000025280000,0x0000000025380000)]
  0x000000001ca03000 JavaThread "Cache worker for file content cache (D:\cloud-vision-master\android\CloudVision\.gradle\4.4\fileContent)" [_thread_blocked, id=9728, stack(0x0000000022e10000,0x0000000022f10000)]
  0x000000001be71000 JavaThread "Memory manager" [_thread_blocked, id=7164, stack(0x0000000022b10000,0x0000000022c10000)]
  0x000000001be72000 JavaThread "pool-1-thread-1" [_thread_blocked, id=2864, stack(0x0000000021520000,0x0000000021620000)]
  0x000000001be75800 JavaThread "build operations Thread 4" [_thread_blocked, id=4412, stack(0x0000000021220000,0x0000000021320000)]
  0x000000001be70800 JavaThread "build operations Thread 3" [_thread_blocked, id=596, stack(0x0000000020f20000,0x0000000021020000)]
  0x000000001be76800 JavaThread "build operations Thread 2" [_thread_blocked, id=1668, stack(0x0000000020e20000,0x0000000020f20000)]
  0x000000001be73800 JavaThread "build operations" [_thread_blocked, id=2624, stack(0x000000001f4a0000,0x000000001f5a0000)]
  0x000000001be72800 JavaThread "Cache worker for Artifact transforms cache (C:\Users\home\.gradle\caches\transforms-1)" [_thread_blocked, id=6348, stack(0x000000001e300000,0x000000001e400000)]
  0x000000001c221000 JavaThread "Cache worker for file hash cache (D:\cloud-vision-master\android\CloudVision\.gradle\4.4\fileHashes)" [_thread_blocked, id=10520, stack(0x000000001ce30000,0x000000001cf30000)]
  0x000000001a55c000 JavaThread "File lock request listener" [_thread_in_native, id=860, stack(0x000000001bd60000,0x000000001be60000)]
  0x000000001a46d000 JavaThread "Cache worker for file hash cache (C:\Users\home\.gradle\caches\4.4\fileHashes)" [_thread_blocked, id=1752, stack(0x000000001bc60000,0x000000001bd60000)]
  0x000000001a46a000 JavaThread "Stdin handler" [_thread_blocked, id=308, stack(0x000000001b960000,0x000000001ba60000)]
  0x000000001a469000 JavaThread "Asynchronous log dispatcher for DefaultDaemonConnection: socket connection from /127.0.0.1:6912 to /127.0.0.1:6913" [_thread_blocked, id=9560, stack(0x000000001b860000,0x000000001b960000)]
  0x000000001a46f000 JavaThread "Daemon worker" [_thread_blocked, id=10740, stack(0x000000001b760000,0x000000001b860000)]
  0x000000001a473000 JavaThread "Cancel handler" [_thread_blocked, id=7684, stack(0x000000001b660000,0x000000001b760000)]
  0x000000001a446800 JavaThread "Handler for socket connection from /127.0.0.1:6912 to /127.0.0.1:6913" [_thread_in_native, id=2680, stack(0x000000001b360000,0x000000001b460000)]
  0x000000001a416000 JavaThread "Daemon" [_thread_blocked, id=2444, stack(0x000000001b260000,0x000000001b360000)]
  0x000000001a417800 JavaThread "Daemon periodic checks" [_thread_blocked, id=6584, stack(0x000000001b160000,0x000000001b260000)]
  0x000000001a392000 JavaThread "Incoming local TCP Connector on port 6912" [_thread_in_native, id=4580, stack(0x000000001aca0000,0x000000001ada0000)]
  0x00000000187ee000 JavaThread "Service Thread" daemon [_thread_blocked, id=5128, stack(0x00000000190d0000,0x00000000191d0000)]
  0x00000000187db000 JavaThread "C1 CompilerThread2" daemon [_thread_blocked, id=5540, stack(0x0000000018fd0000,0x00000000190d0000)]
  0x00000000174be000 JavaThread "C2 CompilerThread1" daemon [_thread_in_native, id=2472, stack(0x0000000018ed0000,0x0000000018fd0000)]
=>0x00000000174b9000 JavaThread "C2 CompilerThread0" daemon [_thread_in_native, id=10484, stack(0x0000000018dd0000,0x0000000018ed0000)]
  0x00000000187d8800 JavaThread "Attach Listener" daemon [_thread_blocked, id=1684, stack(0x0000000018cd0000,0x0000000018dd0000)]
  0x000000001746f000 JavaThread "Signal Dispatcher" daemon [_thread_blocked, id=10016, stack(0x0000000018bd0000,0x0000000018cd0000)]
  0x0000000004cad000 JavaThread "Finalizer" daemon [_thread_blocked, id=5436, stack(0x00000000186d0000,0x00000000187d0000)]
  0x0000000004ca1000 JavaThread "Reference Handler" daemon [_thread_blocked, id=4484, stack(0x00000000185d0000,0x00000000186d0000)]
  0x0000000004d8d800 JavaThread "main" [_thread_blocked, id=7060, stack(0x0000000002fa0000,0x00000000030a0000)]

Other Threads:
  0x0000000017425800 VMThread [stack: 0x00000000184d0000,0x00000000185d0000] [id=9220]
  0x00000000187f0000 WatcherThread [stack: 0x00000000191d0000,0x00000000192d0000] [id=3008]

VM state:not at safepoint (normal execution)

VM Mutex/Monitor currently owned by a thread: None

Heap:
 PSYoungGen      total 160256K, used 51767K [0x00000000eab00000, 0x00000000f7f00000, 0x0000000100000000)
  eden space 145408K, 25% used [0x00000000eab00000,0x00000000ecf12778,0x00000000f3900000)
  from space 14848K, 99% used [0x00000000f3900000,0x00000000f477b520,0x00000000f4780000)
  to   space 19968K, 0% used [0x00000000f6b80000,0x00000000f6b80000,0x00000000f7f00000)
 ParOldGen       total 102400K, used 29699K [0x00000000c0000000, 0x00000000c6400000, 0x00000000eab00000)
  object space 102400K, 29% used [0x00000000c0000000,0x00000000c1d00c78,0x00000000c6400000)
 Metaspace       used 55018K, capacity 56660K, committed 56920K, reserved 1097728K
  class space    used 7533K, capacity 7970K, committed 8064K, reserved 1048576K

Card table byte_map: [0x0000000014150000,0x0000000014360000] byte_map_base: 0x0000000013b50000

Marking Bits: (ParMarkBitMap*) 0x000000006f774970
 Begin Bits: [0x00000000148c0000, 0x00000000158c0000)
 End Bits:   [0x00000000158c0000, 0x00000000168c0000)

Polling page: 0x0000000002aa0000

CodeCache: size=245760Kb used=18116Kb max_used=18607Kb free=227643Kb
 bounds [0x0000000004d90000, 0x0000000005fd0000, 0x0000000013d90000]
 total_blobs=6569 nmethods=5794 adapters=687
 compilation: enabled

Compilation events (10 events):
Event: 6.394 Thread 0x00000000187db000 6520       3       com.sun.tools.javac.util.Name$Table::equals (44 bytes)
Event: 6.395 Thread 0x00000000187db000 nmethod 6520 0x0000000005777f90 code [0x0000000005778100, 0x00000000057783b0]
Event: 6.395 Thread 0x00000000187db000 6522       3       com.sun.tools.javac.util.UnsharedNameTable::fromUtf (232 bytes)
Event: 6.395 Thread 0x00000000187db000 nmethod 6522 0x0000000005775d90 code [0x0000000005776020, 0x00000000057772f8]
Event: 6.395 Thread 0x00000000187db000 6521       1       com.sun.tools.javac.code.Symbol$PackageSymbol::getQualifiedName (5 bytes)
Event: 6.395 Thread 0x00000000187db000 nmethod 6521 0x0000000005775ad0 code [0x0000000005775c20, 0x0000000005775d30]
Event: 6.395 Thread 0x00000000187db000 6523       3       com.sun.tools.javac.util.List::nil (4 bytes)
Event: 6.395 Thread 0x00000000187db000 nmethod 6523 0x00000000057757d0 code [0x0000000005775920, 0x0000000005775a50]
Event: 6.395 Thread 0x00000000187db000 6524       3       com.sun.tools.javac.code.AnnoConstruct::<init> (5 bytes)
Event: 6.395 Thread 0x00000000187db000 nmethod 6524 0x0000000005775410 code [0x0000000005775560, 0x0000000005775710]

GC Heap History (10 events):
Event: 2.166 GC heap before
{Heap before GC invocations=7 (full 1):
 PSYoungGen      total 71680K, used 66560K [0x00000000eab00000, 0x00000000f4100000, 0x0000000100000000)
  eden space 66560K, 100% used [0x00000000eab00000,0x00000000eec00000,0x00000000eec00000)
  from space 5120K, 0% used [0x00000000eec00000,0x00000000eec00000,0x00000000ef100000)
  to   space 10240K, 0% used [0x00000000f3700000,0x00000000f3700000,0x00000000f4100000)
 ParOldGen       total 61440K, used 8045K [0x00000000c0000000, 0x00000000c3c00000, 0x00000000eab00000)
  object space 61440K, 13% used [0x00000000c0000000,0x00000000c07db6b8,0x00000000c3c00000)
 Metaspace       used 26332K, capacity 26870K, committed 27136K, reserved 1073152K
  class space    used 3624K, capacity 3780K, committed 3840K, reserved 1048576K
Event: 2.176 GC heap after
Heap after GC invocations=7 (full 1):
 PSYoungGen      total 108032K, used 7183K [0x00000000eab00000, 0x00000000f3e80000, 0x0000000100000000)
  eden space 100352K, 0% used [0x00000000eab00000,0x00000000eab00000,0x00000000f0d00000)
  from space 7680K, 93% used [0x00000000f3700000,0x00000000f3e03c70,0x00000000f3e80000)
  to   space 9728K, 0% used [0x00000000f2b80000,0x00000000f2b80000,0x00000000f3500000)
 ParOldGen       total 61440K, used 8053K [0x00000000c0000000, 0x00000000c3c00000, 0x00000000eab00000)
  object space 61440K, 13% used [0x00000000c0000000,0x00000000c07dd6b8,0x00000000c3c00000)
 Metaspace       used 26332K, capacity 26870K, committed 27136K, reserved 1073152K
  class space    used 3624K, capacity 3780K, committed 3840K, reserved 1048576K
}
Event: 2.984 GC heap before
{Heap before GC invocations=8 (full 1):
 PSYoungGen      total 108032K, used 99033K [0x00000000eab00000, 0x00000000f3e80000, 0x0000000100000000)
  eden space 100352K, 91% used [0x00000000eab00000,0x00000000f04b2818,0x00000000f0d00000)
  from space 7680K, 93% used [0x00000000f3700000,0x00000000f3e03c70,0x00000000f3e80000)
  to   space 9728K, 0% used [0x00000000f2b80000,0x00000000f2b80000,0x00000000f3500000)
 ParOldGen       total 61440K, used 8053K [0x00000000c0000000, 0x00000000c3c00000, 0x00000000eab00000)
  object space 61440K, 13% used [0x00000000c0000000,0x00000000c07dd6b8,0x00000000c3c00000)
 Metaspace       used 34559K, capacity 35266K, committed 35416K, reserved 1079296K
  class space    used 4759K, capacity 4987K, committed 4992K, reserved 1048576K
Event: 2.996 GC heap after
Heap after GC invocations=8 (full 1):
 PSYoungGen      total 141312K, used 9727K [0x00000000eab00000, 0x00000000f5380000, 0x0000000100000000)
  eden space 131584K, 0% used [0x00000000eab00000,0x00000000eab00000,0x00000000f2b80000)
  from space 9728K, 99% used [0x00000000f2b80000,0x00000000f34fff98,0x00000000f3500000)
  to   space 12288K, 0% used [0x00000000f4780000,0x00000000f4780000,0x00000000f5380000)
 ParOldGen       total 61440K, used 11266K [0x00000000c0000000, 0x00000000c3c00000, 0x00000000eab00000)
  object space 61440K, 18% used [0x00000000c0000000,0x00000000c0b009d0,0x00000000c3c00000)
 Metaspace       used 34559K, capacity 35266K, committed 35416K, reserved 1079296K
  class space    used 4759K, capacity 4987K, committed 4992K, reserved 1048576K
}
Event: 2.996 GC heap before
{Heap before GC invocations=9 (full 2):
 PSYoungGen      total 141312K, used 9727K [0x00000000eab00000, 0x00000000f5380000, 0x0000000100000000)
  eden space 131584K, 0% used [0x00000000eab00000,0x00000000eab00000,0x00000000f2b80000)
  from space 9728K, 99% used [0x00000000f2b80000,0x00000000f34fff98,0x00000000f3500000)
  to   space 12288K, 0% used [0x00000000f4780000,0x00000000f4780000,0x00000000f5380000)
 ParOldGen       total 61440K, used 11266K [0x00000000c0000000, 0x00000000c3c00000, 0x00000000eab00000)
  object space 61440K, 18% used [0x00000000c0000000,0x00000000c0b009d0,0x00000000c3c00000)
 Metaspace       used 34559K, capacity 35266K, committed 35416K, reserved 1079296K
  class space    used 4759K, capacity 4987K, committed 4992K, reserved 1048576K
Event: 3.054 GC heap after
Heap after GC invocations=9 (full 2):
 PSYoungGen      total 141312K, used 0K [0x00000000eab00000, 0x00000000f5380000, 0x0000000100000000)
  eden space 131584K, 0% used [0x00000000eab00000,0x00000000eab00000,0x00000000f2b80000)
  from space 9728K, 0% used [0x00000000f2b80000,0x00000000f2b80000,0x00000000f3500000)
  to   space 12288K, 0% used [0x00000000f4780000,0x00000000f4780000,0x00000000f5380000)
 ParOldGen       total 102400K, used 19624K [0x00000000c0000000, 0x00000000c6400000, 0x00000000eab00000)
  object space 102400K, 19% used [0x00000000c0000000,0x00000000c132a260,0x00000000c6400000)
 Metaspace       used 34559K, capacity 35266K, committed 35416K, reserved 1079296K
  class space    used 4759K, capacity 4987K, committed 4992K, reserved 1048576K
}
Event: 3.931 GC heap before
{Heap before GC invocations=10 (full 2):
 PSYoungGen      total 141312K, used 131584K [0x00000000eab00000, 0x00000000f5380000, 0x0000000100000000)
  eden space 131584K, 100% used [0x00000000eab00000,0x00000000f2b80000,0x00000000f2b80000)
  from space 9728K, 0% used [0x00000000f2b80000,0x00000000f2b80000,0x00000000f3500000)
  to   space 12288K, 0% used [0x00000000f4780000,0x00000000f4780000,0x00000000f5380000)
 ParOldGen       total 102400K, used 19624K [0x00000000c0000000, 0x00000000c6400000, 0x00000000eab00000)
  object space 102400K, 19% used [0x00000000c0000000,0x00000000c132a260,0x00000000c6400000)
 Metaspace       used 42065K, capacity 43062K, committed 43224K, reserved 1087488K
  class space    used 5781K, capacity 6091K, committed 6144K, reserved 1048576K
Event: 3.942 GC heap after
Heap after GC invocations=10 (full 2):
 PSYoungGen      total 157696K, used 12285K [0x00000000eab00000, 0x00000000f7a80000, 0x0000000100000000)
  eden space 145408K, 0% used [0x00000000eab00000,0x00000000eab00000,0x00000000f3900000)
  from space 12288K, 99% used [0x00000000f4780000,0x00000000f537f418,0x00000000f5380000)
  to   space 14848K, 0% used [0x00000000f3900000,0x00000000f3900000,0x00000000f4780000)
 ParOldGen       total 102400K, used 21502K [0x00000000c0000000, 0x00000000c6400000, 0x00000000eab00000)
  object space 102400K, 20% used [0x00000000c0000000,0x00000000c14ffaf0,0x00000000c6400000)
 Metaspace       used 42065K, capacity 43062K, committed 43224K, reserved 1087488K
  class space    used 5781K, capacity 6091K, committed 6144K, reserved 1048576K
}
Event: 5.770 GC heap before
{Heap before GC invocations=11 (full 2):
 PSYoungGen      total 157696K, used 157690K [0x00000000eab00000, 0x00000000f7a80000, 0x0000000100000000)
  eden space 145408K, 99% used [0x00000000eab00000,0x00000000f38ff528,0x00000000f3900000)
  from space 12288K, 99% used [0x00000000f4780000,0x00000000f537f418,0x00000000f5380000)
  to   space 14848K, 0% used [0x00000000f3900000,0x00000000f3900000,0x00000000f4780000)
 ParOldGen       total 102400K, used 21502K [0x00000000c0000000, 0x00000000c6400000, 0x00000000eab00000)
  object space 102400K, 20% used [0x00000000c0000000,0x00000000c14ffaf0,0x00000000c6400000)
 Metaspace       used 52928K, capacity 54648K, committed 54744K, reserved 1095680K
  class space    used 7241K, capacity 7640K, committed 7680K, reserved 1048576K
Event: 5.792 GC heap after
Heap after GC invocations=11 (full 2):
 PSYoungGen      total 160256K, used 14829K [0x00000000eab00000, 0x00000000f7f00000, 0x0000000100000000)
  eden space 145408K, 0% used [0x00000000eab00000,0x00000000eab00000,0x00000000f3900000)
  from space 14848K, 99% used [0x00000000f3900000,0x00000000f477b520,0x00000000f4780000)
  to   space 19968K, 0% used [0x00000000f6b80000,0x00000000f6b80000,0x00000000f7f00000)
 ParOldGen       total 102400K, used 29699K [0x00000000c0000000, 0x00000000c6400000, 0x00000000eab00000)
  object space 102400K, 29% used [0x00000000c0000000,0x00000000c1d00c78,0x00000000c6400000)
 Metaspace       used 52928K, capacity 54648K, committed 54744K, reserved 1095680K
  class space    used 7241K, capacity 7640K, committed 7680K, reserved 1048576K
}

Deoptimization events (10 events):
Event: 5.999 Thread 0x000000001ca04000 Uncommon trap: reason=unstable_if action=reinterpret pc=0x00000000051eba98 method=org.gradle.internal.hash.HashCode.equals(Ljava/lang/Object;)Z @ 67
Event: 6.255 Thread 0x000000001ca04000 Uncommon trap: reason=unstable_if action=reinterpret pc=0x000000000594ce28 method=org.gradle.api.internal.file.pattern.PatternMatcherFactory$PathMatcherBackedSpec.isSatisfiedBy(Lorg/gradle/api/file/RelativePath;)Z @ 11
Event: 6.256 Thread 0x000000001ca04000 Uncommon trap: reason=unstable_if action=reinterpret pc=0x0000000005036e54 method=org.gradle.api.internal.file.pattern.PatternMatcherFactory$PathMatcherBackedSpec.isSatisfiedBy(Lorg/gradle/api/file/RelativePath;)Z @ 11
Event: 6.256 Thread 0x000000001ca04000 Uncommon trap: reason=unstable_if action=reinterpret pc=0x000000000510dba4 method=org.gradle.api.internal.file.pattern.FixedStepPathMatcher.matches([Ljava/lang/String;I)Z @ 35
Event: 6.278 Thread 0x000000001ca04000 Uncommon trap: reason=unstable_if action=reinterpret pc=0x0000000004f2bfa4 method=org.gradle.api.internal.file.pattern.FixedStepPathMatcher.matches([Ljava/lang/String;I)Z @ 35
Event: 6.366 Thread 0x000000001ca04000 Uncommon trap: reason=class_check action=maybe_recompile pc=0x0000000005c35e80 method=java.util.regex.Matcher.search(I)Z @ 86
Event: 6.368 Thread 0x000000001ca04000 Uncommon trap: reason=class_check action=maybe_recompile pc=0x0000000005c35e80 method=java.util.regex.Matcher.search(I)Z @ 86
Event: 6.368 Thread 0x000000001ca04000 Uncommon trap: reason=class_check action=maybe_recompile pc=0x0000000005c35e80 method=java.util.regex.Matcher.search(I)Z @ 86
Event: 6.369 Thread 0x000000001ca04000 Uncommon trap: reason=class_check action=maybe_recompile pc=0x0000000005c35e80 method=java.util.regex.Matcher.search(I)Z @ 86
Event: 6.369 Thread 0x000000001ca04000 Uncommon trap: reason=class_check action=maybe_recompile pc=0x0000000005bdb050 method=java.util.regex.Matcher.search(I)Z @ 86

Classes redefined (0 events):
No events

Internal exceptions (10 events):
Event: 4.947 Thread 0x000000001a46f000 Exception <a 'java/lang/ClassNotFoundException': org/gradle/model/internal/core/ModelMapGroovyViewCustomizer> (0x00000000f0c63b68) thrown at [D:\src\AOSP-openjdk-cygwin\jdk8u\hotspot\src\share\vm\classfile\systemDictionary.cpp, line 210]
Event: 4.948 Thread 0x000000001a46f000 Exception <a 'java/lang/ClassNotFoundException': org/gradle/model/internal/core/NodeBackedModelMapCustomizer> (0x00000000f0c8c028) thrown at [D:\src\AOSP-openjdk-cygwin\jdk8u\hotspot\src\share\vm\classfile\systemDictionary.cpp, line 210]
Event: 4.949 Thread 0x000000001a46f000 Exception <a 'java/lang/ClassNotFoundException': org/gradle/platform/base/BinaryContainer_ImplCustomizer> (0x00000000f0cef840) thrown at [D:\src\AOSP-openjdk-cygwin\jdk8u\hotspot\src\share\vm\classfile\systemDictionary.cpp, line 210]
Event: 5.113 Thread 0x000000001a46f000 Exception <a 'java/lang/NoSuchMethodError': <clinit>> (0x00000000f1709de0) thrown at [D:\src\AOSP-openjdk-cygwin\jdk8u\hotspot\src\share\vm\prims\jni.cpp, line 1613]
Event: 5.114 Thread 0x000000001a46f000 Exception <a 'java/lang/NoSuchMethodError': <clinit>> (0x00000000f1718990) thrown at [D:\src\AOSP-openjdk-cygwin\jdk8u\hotspot\src\share\vm\prims\jni.cpp, line 1613]
Event: 5.144 Thread 0x000000001a46f000 Exception <a 'java/lang/NoSuchMethodError': <clinit>> (0x00000000f17a20d0) thrown at [D:\src\AOSP-openjdk-cygwin\jdk8u\hotspot\src\share\vm\prims\jni.cpp, line 1613]
Event: 5.146 Thread 0x000000001a46f000 Exception <a 'java/lang/NoSuchMethodError': <clinit>> (0x00000000f17bddd0) thrown at [D:\src\AOSP-openjdk-cygwin\jdk8u\hotspot\src\share\vm\prims\jni.cpp, line 1613]
Event: 5.147 Thread 0x000000001a46f000 Exception <a 'java/lang/NoSuchMethodError': <clinit>> (0x00000000f17bfc38) thrown at [D:\src\AOSP-openjdk-cygwin\jdk8u\hotspot\src\share\vm\prims\jni.cpp, line 1613]
Event: 5.747 Thread 0x000000001ca04000 Exception <a 'java/lang/NoSuchMethodError': <clinit>> (0x00000000f18c58d0) thrown at [D:\src\AOSP-openjdk-cygwin\jdk8u\hotspot\src\share\vm\prims\jni.cpp, line 1613]
Event: 5.747 Thread 0x000000001ca04000 Exception <a 'java/lang/NoSuchMethodError': <clinit>> (0x00000000f18cf338) thrown at [D:\src\AOSP-openjdk-cygwin\jdk8u\hotspot\src\share\vm\prims\jni.cpp, line 1613]

Events (10 events):
Event: 6.412 loading class com/sun/tools/javac/util/Warner
Event: 6.412 loading class com/sun/tools/javac/util/Warner done
Event: 6.412 loading class com/sun/tools/javac/comp/Check$ConversionWarner
Event: 6.412 loading class com/sun/tools/javac/comp/Check$ConversionWarner done
Event: 6.413 loading class com/sun/tools/javac/comp/Check$1
Event: 6.413 loading class com/sun/tools/javac/comp/Check$1 done
Event: 6.413 loading class com/sun/tools/javac/comp/Check$6
Event: 6.413 loading class com/sun/tools/javac/comp/Check$6 done
Event: 6.413 loading class com/sun/tools/javac/comp/Resolve
Event: 6.413 loading class com/sun/tools/javac/comp/Resolve done


Dynamic libraries:
0x00007ff760780000 - 0x00007ff7607b1000 	C:\Program Files\Android\Android Studio\jre\bin\java.exe
0x00007ff8d2890000 - 0x00007ff8d2a70000 	C:\WINDOWS\SYSTEM32\ntdll.dll
0x00007ff8d1e80000 - 0x00007ff8d1f2e000 	C:\WINDOWS\System32\KERNEL32.DLL
0x00007ff8ced10000 - 0x00007ff8cef76000 	C:\WINDOWS\System32\KERNELBASE.dll
0x00007ff8d1870000 - 0x00007ff8d1911000 	C:\WINDOWS\System32\ADVAPI32.dll
0x00007ff8d2280000 - 0x00007ff8d231d000 	C:\WINDOWS\System32\msvcrt.dll
0x00007ff8d1e20000 - 0x00007ff8d1e7b000 	C:\WINDOWS\System32\sechost.dll
0x00007ff8d1f70000 - 0x00007ff8d208f000 	C:\WINDOWS\System32\RPCRT4.dll
0x00007ff8d1ae0000 - 0x00007ff8d1c6f000 	C:\WINDOWS\System32\USER32.dll
0x00007ff8cec90000 - 0x00007ff8cecb0000 	C:\WINDOWS\System32\win32u.dll
0x00007ff8d1f40000 - 0x00007ff8d1f68000 	C:\WINDOWS\System32\GDI32.dll
0x00007ff8cf350000 - 0x00007ff8cf4e3000 	C:\WINDOWS\System32\gdi32full.dll
0x00007ff8cfcc0000 - 0x00007ff8cfd5b000 	C:\WINDOWS\System32\msvcp_win.dll
0x00007ff8cef80000 - 0x00007ff8cf076000 	C:\WINDOWS\System32\ucrtbase.dll
0x00007ff8c4160000 - 0x00007ff8c43c9000 	C:\WINDOWS\WinSxS\amd64_microsoft.windows.common-controls_6595b64144ccf1df_6.0.16299.309_none_15cfd4c4935e6b11\COMCTL32.dll
0x00007ff8d24d0000 - 0x00007ff8d27d8000 	C:\WINDOWS\System32\combase.dll
0x00007ff8cf4f0000 - 0x00007ff8cf562000 	C:\WINDOWS\System32\bcryptPrimitives.dll
0x00007ff8cfd60000 - 0x00007ff8cfd8d000 	C:\WINDOWS\System32\IMM32.DLL
0x000000006eed0000 - 0x000000006efa2000 	C:\Program Files\Android\Android Studio\jre\jre\bin\msvcr100.dll
0x000000006efb0000 - 0x000000006f7ef000 	C:\Program Files\Android\Android Studio\jre\jre\bin\server\jvm.dll
0x00007ff8d1e10000 - 0x00007ff8d1e18000 	C:\WINDOWS\System32\PSAPI.DLL
0x00007ff8cb690000 - 0x00007ff8cb6b3000 	C:\WINDOWS\SYSTEM32\WINMM.dll
0x00007ff8cac00000 - 0x00007ff8cac0a000 	C:\WINDOWS\SYSTEM32\VERSION.dll
0x00007ff8c37d0000 - 0x00007ff8c37d9000 	C:\WINDOWS\SYSTEM32\WSOCK32.dll
0x00007ff8d1920000 - 0x00007ff8d198c000 	C:\WINDOWS\System32\WS2_32.dll
0x00007ff8cb630000 - 0x00007ff8cb65a000 	C:\WINDOWS\SYSTEM32\WINMMBASE.dll
0x00007ff8cf080000 - 0x00007ff8cf0ca000 	C:\WINDOWS\System32\cfgmgr32.dll
0x00007ff8cac20000 - 0x00007ff8cac2f000 	C:\Program Files\Android\Android Studio\jre\jre\bin\verify.dll
0x00007ff8b8920000 - 0x00007ff8b8949000 	C:\Program Files\Android\Android Studio\jre\jre\bin\java.dll
0x00007ff8b8a40000 - 0x00007ff8b8a56000 	C:\Program Files\Android\Android Studio\jre\jre\bin\zip.dll
0x00007ff8cff00000 - 0x00007ff8d1336000 	C:\WINDOWS\System32\SHELL32.dll
0x00007ff8d1a30000 - 0x00007ff8d1ad6000 	C:\WINDOWS\System32\shcore.dll
0x00007ff8cf570000 - 0x00007ff8cfcb7000 	C:\WINDOWS\System32\windows.storage.dll
0x00007ff8d2320000 - 0x00007ff8d2371000 	C:\WINDOWS\System32\shlwapi.dll
0x00007ff8cec50000 - 0x00007ff8cec61000 	C:\WINDOWS\System32\kernel.appcore.dll
0x00007ff8cec00000 - 0x00007ff8cec4c000 	C:\WINDOWS\System32\powrprof.dll
0x00007ff8cec70000 - 0x00007ff8cec8b000 	C:\WINDOWS\System32\profapi.dll
0x00007ff8b7180000 - 0x00007ff8b719a000 	C:\Program Files\Android\Android Studio\jre\jre\bin\net.dll
0x00007ff8ce470000 - 0x00007ff8ce4d6000 	C:\WINDOWS\system32\mswsock.dll
0x00007ff8b7160000 - 0x00007ff8b7171000 	C:\Program Files\Android\Android Studio\jre\jre\bin\nio.dll
0x00007ff8cabc0000 - 0x00007ff8cabde000 	C:\Users\home\.gradle\native\25\windows-amd64\native-platform.dll
0x00007ff8c1e30000 - 0x00007ff8c1e3d000 	C:\Program Files\Android\Android Studio\jre\jre\bin\management.dll
0x00007ff8ce630000 - 0x00007ff8ce647000 	C:\WINDOWS\SYSTEM32\CRYPTSP.dll
0x00007ff8ce070000 - 0x00007ff8ce0a3000 	C:\WINDOWS\system32\rsaenh.dll
0x00007ff8ce740000 - 0x00007ff8ce765000 	C:\WINDOWS\SYSTEM32\bcrypt.dll
0x00007ff8ceb10000 - 0x00007ff8ceb39000 	C:\WINDOWS\SYSTEM32\USERENV.dll
0x00007ff8ce650000 - 0x00007ff8ce65b000 	C:\WINDOWS\SYSTEM32\CRYPTBASE.dll
0x00007ff8ce200000 - 0x00007ff8ce239000 	C:\WINDOWS\SYSTEM32\IPHLPAPI.DLL
0x00007ff8d1340000 - 0x00007ff8d1348000 	C:\WINDOWS\System32\NSI.dll
0x00007ff8c98f0000 - 0x00007ff8c9906000 	C:\WINDOWS\SYSTEM32\dhcpcsvc6.DLL
0x00007ff8c98d0000 - 0x00007ff8c98ea000 	C:\WINDOWS\SYSTEM32\dhcpcsvc.DLL

VM Arguments:
jvm_args: -XX:+HeapDumpOnOutOfMemoryError -Xmx1024m -Dfile.encoding=x-windows-949 -Duser.country=KR -Duser.language=ko -Duser.variant 
java_command: org.gradle.launcher.daemon.bootstrap.GradleDaemon 4.4
java_class_path (initial): C:\Users\home\.gradle\wrapper\dists\gradle-4.4-all\9br9xq1tocpiv8o6njlyu5op1\gradle-4.4\lib\gradle-launcher-4.4.jar
Launcher Type: SUN_STANDARD

Environment Variables:
PATH=c:\windows\system32;c:\windows;c:\windows\system32\wbem;c:\windows\system32\windowspowershell\v1.0\;c:\windows\system32;c:\windows;c:\windows\system32\wbem;c:\windows\system32\windowspowershell\v1.0\;C:\Program Files (x86)\NVIDIA Corporation\PhysX\Common;C:\Users\home\AppData\Local\Microsoft\WindowsApps;C:\Program Files\Bandizip\;
USERNAME=home
OS=Windows_NT
PROCESSOR_IDENTIFIER=Intel64 Family 6 Model 60 Stepping 3, GenuineIntel



---------------  S Y S T E M  ---------------

OS: Windows 10.0 , 64 bit Build 16299 (10.0.16299.15)

CPU:total 4 (initial active 4) (4 cores per cpu, 1 threads per core) family 6 model 60 stepping 3, cmov, cx8, fxsr, mmx, sse, sse2, sse3, ssse3, sse4.1, sse4.2, popcnt, avx, avx2, aes, clmul, erms, lzcnt, tsc, tscinvbit, bmi1, bmi2

Memory: 4k page, physical 8305676k(1103952k free), swap 8305676k(7164k free)

vm_info: OpenJDK 64-Bit Server VM (25.152-b02) for windows-amd64 JRE (1.8.0_152-release-1024-b02), built by "builder" with MS VC++ 10.0 (VS2010)

time: Tue Apr 10 21:38:34 2018
elapsed time: 6 seconds (0d 0h 0m 6s)

