#
# There is insufficient memory for the Java Runtime Environment to continue.
# Native memory allocation (malloc) failed to allocate 791616 bytes for Chunk::new
# Possible reasons:
#   The system is out of physical RAM or swap space
#   In 32 bit mode, the process size limit was hit
# Possible solutions:
#   Reduce memory load on the system
#   Increase physical memory or swap space
#   Check if swap backing store is full
#   Use 64 bit Java on a 64 bit OS
#   Decrease Java heap size (-Xmx/-Xms)
#   Decrease number of Java threads
#   Decrease Java thread stack sizes (-Xss)
#   Set larger code cache with -XX:ReservedCodeCacheSize=
# This output file may be truncated or incomplete.
#
#  Out of Memory Error (allocation.cpp:390), pid=416, tid=0x00000000000026f4
#
# JRE version: OpenJDK Runtime Environment (8.0_152-b02) (build 1.8.0_152-release-1024-b02)
# Java VM: OpenJDK 64-Bit Server VM (25.152-b02 mixed mode windows-amd64 compressed oops)
# Failed to write core dump. Minidumps are not enabled by default on client versions of Windows
#

---------------  T H R E A D  ---------------

Current thread (0x000000001710c000):  JavaThread "C2 CompilerThread1" daemon [_thread_in_native, id=9972, stack(0x0000000018b90000,0x0000000018c90000)]

Stack: [0x0000000018b90000,0x0000000018c90000]
[error occurred during error reporting (printing stack bounds), id 0xc0000005]

Native frames: (J=compiled Java code, j=interpreted, Vv=VM code, C=native code)


Current CompileTask:
C2:  94841 10889       4       com.android.utils.XmlUtils::append (540 bytes)


---------------  P R O C E S S  ---------------

Java Threads: ( => current thread )
  0x000000001a480800 JavaThread "pool-4-thread-1" [_thread_blocked, id=5416, stack(0x000000002a8b0000,0x000000002a9b0000)]
  0x000000001a484800 JavaThread "stdout" daemon [_thread_in_native, id=7952, stack(0x000000002a7b0000,0x000000002a8b0000)]
  0x000000001a486800 JavaThread "stderr" daemon [_thread_in_native, id=10008, stack(0x000000002a6b0000,0x000000002a7b0000)]
  0x000000001a486000 JavaThread "stdout" daemon [_thread_in_native, id=9544, stack(0x000000002a5b0000,0x000000002a6b0000)]
  0x000000001a483800 JavaThread "stderr" daemon [_thread_in_native, id=6688, stack(0x000000002a4b0000,0x000000002a5b0000)]
  0x000000001a485000 JavaThread "stdout" daemon [_thread_in_native, id=3764, stack(0x000000002a1b0000,0x000000002a2b0000)]
  0x000000001bd3d800 JavaThread "stderr" daemon [_thread_in_native, id=8076, stack(0x000000002a0b0000,0x000000002a1b0000)]
  0x000000001bd3c000 JavaThread "queued-resource-processor_12" daemon [_thread_blocked, id=8448, stack(0x0000000029fb0000,0x000000002a0b0000)]
  0x000000001bd3f000 JavaThread "queued-resource-processor_11" daemon [_thread_blocked, id=5912, stack(0x0000000029eb0000,0x0000000029fb0000)]
  0x000000001bd3c800 JavaThread "queued-resource-processor_10" daemon [_thread_blocked, id=4548, stack(0x0000000029db0000,0x0000000029eb0000)]
  0x000000001bd3b000 JavaThread "queued-resource-processor_9" daemon [_thread_blocked, id=6660, stack(0x0000000029cb0000,0x0000000029db0000)]
  0x000000001bd3e000 JavaThread "Task worker for ':' Thread 3" [_thread_blocked, id=6028, stack(0x0000000029bb0000,0x0000000029cb0000)]
  0x000000001bd3a800 JavaThread "Task worker for ':' Thread 2" [_thread_blocked, id=11120, stack(0x0000000029ab0000,0x0000000029bb0000)]
  0x000000001bd39000 JavaThread "Task worker for ':'" [_thread_blocked, id=1904, stack(0x00000000299b0000,0x0000000029ab0000)]
  0x000000001bd3f800 JavaThread "Cache worker for Build Output Cleanup Cache (D:\cloud-vision-master\android\CloudVision\.gradle\buildOutputCleanup)" [_thread_blocked, id=9460, stack(0x00000000298b0000,0x00000000299b0000)]
  0x000000001bd39800 JavaThread "Cache worker for task history cache (D:\cloud-vision-master\android\CloudVision\.gradle\4.4\taskHistory)" [_thread_blocked, id=6224, stack(0x00000000297b0000,0x00000000298b0000)]
  0x000000001a758000 JavaThread "build operations Thread 4" [_thread_blocked, id=6036, stack(0x00000000296b0000,0x00000000297b0000)]
  0x000000001a756800 JavaThread "build operations Thread 3" [_thread_blocked, id=8788, stack(0x00000000295b0000,0x00000000296b0000)]
  0x000000001a755000 JavaThread "build operations Thread 2" [_thread_blocked, id=9612, stack(0x00000000294b0000,0x00000000295b0000)]
  0x000000001a75a000 JavaThread "build operations" [_thread_blocked, id=10556, stack(0x00000000293b0000,0x00000000294b0000)]
  0x000000001a75b800 JavaThread "Cache worker for Artifact transforms cache (C:\Users\home\.gradle\caches\transforms-1)" [_thread_blocked, id=10924, stack(0x00000000292b0000,0x00000000293b0000)]
  0x000000001a75b000 JavaThread "Cache worker for file hash cache (D:\cloud-vision-master\android\CloudVision\.gradle\4.4\fileHashes)" [_thread_blocked, id=10216, stack(0x00000000291b0000,0x00000000292b0000)]
  0x000000001a1ee800 JavaThread "Stdin handler" [_thread_blocked, id=4480, stack(0x00000000290b0000,0x00000000291b0000)]
  0x000000001a1e9800 JavaThread "Asynchronous log dispatcher for DefaultDaemonConnection: socket connection from /127.0.0.1:7051 to /127.0.0.1:7147" [_thread_blocked, id=10548, stack(0x0000000028fb0000,0x00000000290b0000)]
  0x000000001a1ec800 JavaThread "Daemon worker Thread 2" [_thread_blocked, id=6988, stack(0x0000000028eb0000,0x0000000028fb0000)]
  0x000000001a1f0000 JavaThread "Cancel handler" [_thread_blocked, id=4048, stack(0x0000000028db0000,0x0000000028eb0000)]
  0x000000001a1eb800 JavaThread "Handler for socket connection from /127.0.0.1:7051 to /127.0.0.1:7147" [_thread_in_native, id=9404, stack(0x0000000028cb0000,0x0000000028db0000)]
  0x000000001a1eb000 JavaThread "Daemon Thread 2" [_thread_blocked, id=304, stack(0x0000000028bb0000,0x0000000028cb0000)]
  0x000000001a1ea000 JavaThread "Memory manager" [_thread_blocked, id=10828, stack(0x0000000022ab0000,0x0000000022bb0000)]
  0x000000001a758800 JavaThread "pool-1-thread-1" [_thread_blocked, id=1616, stack(0x00000000227b0000,0x00000000228b0000)]
  0x000000001a47e800 JavaThread "File lock request listener" [_thread_in_native, id=8512, stack(0x000000001ba20000,0x000000001bb20000)]
  0x000000001a1fb800 JavaThread "Cache worker for file hash cache (C:\Users\home\.gradle\caches\4.4\fileHashes)" [_thread_blocked, id=2956, stack(0x000000001b920000,0x000000001ba20000)]
  0x000000001a03f000 JavaThread "Daemon periodic checks" [_thread_blocked, id=9496, stack(0x000000001ae20000,0x000000001af20000)]
  0x000000001a120800 JavaThread "Incoming local TCP Connector on port 7051" [_thread_in_native, id=10908, stack(0x000000001a960000,0x000000001aa60000)]
  0x00000000184ca800 JavaThread "Service Thread" daemon [_thread_blocked, id=2356, stack(0x0000000018d90000,0x0000000018e90000)]
  0x0000000018499000 JavaThread "C1 CompilerThread2" daemon [_thread_blocked, id=964, stack(0x0000000018c90000,0x0000000018d90000)]
=>0x000000001710c000 JavaThread "C2 CompilerThread1" daemon [_thread_in_native, id=9972, stack(0x0000000018b90000,0x0000000018c90000)]
  0x0000000017109000 JavaThread "C2 CompilerThread0" daemon [_thread_blocked, id=8528, stack(0x0000000018a90000,0x0000000018b90000)]
  0x0000000017108000 JavaThread "Attach Listener" daemon [_thread_blocked, id=10504, stack(0x0000000018990000,0x0000000018a90000)]
  0x00000000170be800 JavaThread "Signal Dispatcher" daemon [_thread_blocked, id=2884, stack(0x0000000018890000,0x0000000018990000)]
  0x000000001709e000 JavaThread "Finalizer" daemon [_thread_blocked, id=4744, stack(0x0000000018300000,0x0000000018400000)]
  0x00000000049d2800 JavaThread "Reference Handler" daemon [_thread_blocked, id=8756, stack(0x0000000018200000,0x0000000018300000)]
  0x00000000048dd800 JavaThread "main" [_thread_blocked, id=9624, stack(0x0000000004750000,0x0000000004850000)]

Other Threads:
  0x0000000017075000 VMThread [stack: 0x0000000018100000,0x0000000018200000] [id=2224]
  0x0000000018515800 WatcherThread [stack: 0x0000000018e90000,0x0000000018f90000] [id=7016]

VM state:not at safepoint (normal execution)

VM Mutex/Monitor currently owned by a thread: None

Heap:
 PSYoungGen      total 319488K, used 281105K [0x00000000eab00000, 0x0000000100000000, 0x0000000100000000)
  eden space 295936K, 87% used [0x00000000eab00000,0x00000000fa8ab718,0x00000000fcc00000)
  from space 23552K, 90% used [0x00000000fe900000,0x00000000ffdd9020,0x0000000100000000)
  to   space 26624K, 0% used [0x00000000fcc00000,0x00000000fcc00000,0x00000000fe600000)
 ParOldGen       total 116736K, used 38986K [0x00000000c0000000, 0x00000000c7200000, 0x00000000eab00000)
  object space 116736K, 33% used [0x00000000c0000000,0x00000000c2612810,0x00000000c7200000)
 Metaspace       used 68533K, capacity 71534K, committed 71808K, reserved 1112064K
  class space    used 9008K, capacity 9748K, committed 9856K, reserved 1048576K

Card table byte_map: [0x0000000013da0000,0x0000000013fb0000] byte_map_base: 0x00000000137a0000

Marking Bits: (ParMarkBitMap*) 0x000000006f774970
 Begin Bits: [0x0000000014510000, 0x0000000015510000)
 End Bits:   [0x0000000015510000, 0x0000000016510000)

Polling page: 0x0000000002b90000

CodeCache: size=245760Kb used=31129Kb max_used=31346Kb free=214630Kb
 bounds [0x00000000049e0000, 0x00000000068b0000, 0x00000000139e0000]
 total_blobs=10139 nmethods=9345 adapters=706
 compilation: enabled

Compilation events (10 events):
Event: 94.760 Thread 0x0000000017109000 10893       4       com.sun.org.apache.xerces.internal.dom.NodeImpl::setOwnerDocument (24 bytes)
Event: 94.761 Thread 0x0000000017109000 nmethod 10893 0x00000000066e4c50 code [0x00000000066e4d80, 0x00000000066e4e38]
Event: 94.762 Thread 0x0000000017109000 10891       4       com.sun.org.apache.xerces.internal.dom.CoreDocumentImpl::getUserData (54 bytes)
Event: 94.762 Thread 0x0000000018499000 10894       1       com.android.ide.common.res2.MergeWriter::getRootFolder (5 bytes)
Event: 94.763 Thread 0x0000000018499000 nmethod 10894 0x000000000646bb90 code [0x000000000646bce0, 0x000000000646bdf0]
Event: 94.770 Thread 0x0000000017109000 nmethod 10891 0x0000000006454690 code [0x0000000006454820, 0x0000000006455038]
Event: 94.792 Thread 0x0000000018499000 10895       3       sun.nio.cs.ext.DoubleByte$Decoder::decodeLoop (28 bytes)
Event: 94.792 Thread 0x0000000018499000 nmethod 10895 0x0000000005629410 code [0x00000000056295a0, 0x0000000005629af8]
Event: 94.808 Thread 0x0000000017109000 10896       4       java.lang.Integer::formatUnsignedInt (48 bytes)
Event: 94.810 Thread 0x0000000017109000 nmethod 10896 0x0000000005527710 code [0x0000000005527860, 0x0000000005527a58]

GC Heap History (10 events):
Event: 5.395 GC heap before
{Heap before GC invocations=11 (full 2):
 PSYoungGen      total 175616K, used 161792K [0x00000000eab00000, 0x00000000fb280000, 0x0000000100000000)
  eden space 161792K, 100% used [0x00000000eab00000,0x00000000f4900000,0x00000000f4900000)
  from space 13824K, 0% used [0x00000000f5680000,0x00000000f5680000,0x00000000f6400000)
  to   space 13824K, 0% used [0x00000000f4900000,0x00000000f4900000,0x00000000f5680000)
 ParOldGen       total 78336K, used 16533K [0x00000000c0000000, 0x00000000c4c80000, 0x00000000eab00000)
  object space 78336K, 21% used [0x00000000c0000000,0x00000000c1025728,0x00000000c4c80000)
 Metaspace       used 46945K, capacity 48324K, committed 48512K, reserved 1091584K
  class space    used 6376K, capacity 6773K, committed 6784K, reserved 1048576K
Event: 5.412 GC heap after
Heap after GC invocations=11 (full 2):
 PSYoungGen      total 175616K, used 13792K [0x00000000eab00000, 0x00000000fb400000, 0x0000000100000000)
  eden space 161792K, 0% used [0x00000000eab00000,0x00000000eab00000,0x00000000f4900000)
  from space 13824K, 99% used [0x00000000f4900000,0x00000000f56781d8,0x00000000f5680000)
  to   space 17408K, 0% used [0x00000000fa300000,0x00000000fa300000,0x00000000fb400000)
 ParOldGen       total 78336K, used 21137K [0x00000000c0000000, 0x00000000c4c80000, 0x00000000eab00000)
  object space 78336K, 26% used [0x00000000c0000000,0x00000000c14a4770,0x00000000c4c80000)
 Metaspace       used 46945K, capacity 48324K, committed 48512K, reserved 1091584K
  class space    used 6376K, capacity 6773K, committed 6784K, reserved 1048576K
}
Event: 6.698 GC heap before
{Heap before GC invocations=12 (full 2):
 PSYoungGen      total 175616K, used 175584K [0x00000000eab00000, 0x00000000fb400000, 0x0000000100000000)
  eden space 161792K, 100% used [0x00000000eab00000,0x00000000f4900000,0x00000000f4900000)
  from space 13824K, 99% used [0x00000000f4900000,0x00000000f56781d8,0x00000000f5680000)
  to   space 17408K, 0% used [0x00000000fa300000,0x00000000fa300000,0x00000000fb400000)
 ParOldGen       total 78336K, used 21137K [0x00000000c0000000, 0x00000000c4c80000, 0x00000000eab00000)
  object space 78336K, 26% used [0x00000000c0000000,0x00000000c14a4770,0x00000000c4c80000)
 Metaspace       used 56873K, capacity 58870K, committed 59008K, reserved 1099776K
  class space    used 7748K, capacity 8244K, committed 8320K, reserved 1048576K
Event: 6.730 GC heap after
Heap after GC invocations=12 (full 2):
 PSYoungGen      total 248320K, used 17405K [0x00000000eab00000, 0x00000000fbc00000, 0x0000000100000000)
  eden space 230912K, 0% used [0x00000000eab00000,0x00000000eab00000,0x00000000f8c80000)
  from space 17408K, 99% used [0x00000000fa300000,0x00000000fb3ff520,0x00000000fb400000)
  to   space 23040K, 0% used [0x00000000f8c80000,0x00000000f8c80000,0x00000000fa300000)
 ParOldGen       total 78336K, used 30702K [0x00000000c0000000, 0x00000000c4c80000, 0x00000000eab00000)
  object space 78336K, 39% used [0x00000000c0000000,0x00000000c1dfbb18,0x00000000c4c80000)
 Metaspace       used 56873K, capacity 58870K, committed 59008K, reserved 1099776K
  class space    used 7748K, capacity 8244K, committed 8320K, reserved 1048576K
}
Event: 6.771 GC heap before
{Heap before GC invocations=13 (full 2):
 PSYoungGen      total 248320K, used 21704K [0x00000000eab00000, 0x00000000fbc00000, 0x0000000100000000)
  eden space 230912K, 1% used [0x00000000eab00000,0x00000000eaf32c80,0x00000000f8c80000)
  from space 17408K, 99% used [0x00000000fa300000,0x00000000fb3ff520,0x00000000fb400000)
  to   space 23040K, 0% used [0x00000000f8c80000,0x00000000f8c80000,0x00000000fa300000)
 ParOldGen       total 78336K, used 30702K [0x00000000c0000000, 0x00000000c4c80000, 0x00000000eab00000)
  object space 78336K, 39% used [0x00000000c0000000,0x00000000c1dfbb18,0x00000000c4c80000)
 Metaspace       used 56891K, capacity 58870K, committed 59008K, reserved 1099776K
  class space    used 7748K, capacity 8244K, committed 8320K, reserved 1048576K
Event: 6.790 GC heap after
Heap after GC invocations=13 (full 2):
 PSYoungGen      total 253952K, used 480K [0x00000000eab00000, 0x0000000100000000, 0x0000000100000000)
  eden space 230912K, 0% used [0x00000000eab00000,0x00000000eab00000,0x00000000f8c80000)
  from space 23040K, 2% used [0x00000000f8c80000,0x00000000f8cf8000,0x00000000fa300000)
  to   space 23552K, 0% used [0x00000000fe900000,0x00000000fe900000,0x0000000100000000)
 ParOldGen       total 78336K, used 48116K [0x00000000c0000000, 0x00000000c4c80000, 0x00000000eab00000)
  object space 78336K, 61% used [0x00000000c0000000,0x00000000c2efd098,0x00000000c4c80000)
 Metaspace       used 56891K, capacity 58870K, committed 59008K, reserved 1099776K
  class space    used 7748K, capacity 8244K, committed 8320K, reserved 1048576K
}
Event: 6.790 GC heap before
{Heap before GC invocations=14 (full 3):
 PSYoungGen      total 253952K, used 480K [0x00000000eab00000, 0x0000000100000000, 0x0000000100000000)
  eden space 230912K, 0% used [0x00000000eab00000,0x00000000eab00000,0x00000000f8c80000)
  from space 23040K, 2% used [0x00000000f8c80000,0x00000000f8cf8000,0x00000000fa300000)
  to   space 23552K, 0% used [0x00000000fe900000,0x00000000fe900000,0x0000000100000000)
 ParOldGen       total 78336K, used 48116K [0x00000000c0000000, 0x00000000c4c80000, 0x00000000eab00000)
  object space 78336K, 61% used [0x00000000c0000000,0x00000000c2efd098,0x00000000c4c80000)
 Metaspace       used 56891K, capacity 58870K, committed 59008K, reserved 1099776K
  class space    used 7748K, capacity 8244K, committed 8320K, reserved 1048576K
Event: 6.961 GC heap after
Heap after GC invocations=14 (full 3):
 PSYoungGen      total 253952K, used 0K [0x00000000eab00000, 0x0000000100000000, 0x0000000100000000)
  eden space 230912K, 0% used [0x00000000eab00000,0x00000000eab00000,0x00000000f8c80000)
  from space 23040K, 0% used [0x00000000f8c80000,0x00000000f8c80000,0x00000000fa300000)
  to   space 23552K, 0% used [0x00000000fe900000,0x00000000fe900000,0x0000000100000000)
 ParOldGen       total 116736K, used 38978K [0x00000000c0000000, 0x00000000c7200000, 0x00000000eab00000)
  object space 116736K, 33% used [0x00000000c0000000,0x00000000c2610810,0x00000000c7200000)
 Metaspace       used 56891K, capacity 58870K, committed 59008K, reserved 1099776K
  class space    used 7748K, capacity 8244K, committed 8320K, reserved 1048576K
}
Event: 12.097 GC heap before
{Heap before GC invocations=15 (full 3):
 PSYoungGen      total 253952K, used 230912K [0x00000000eab00000, 0x0000000100000000, 0x0000000100000000)
  eden space 230912K, 100% used [0x00000000eab00000,0x00000000f8c80000,0x00000000f8c80000)
  from space 23040K, 0% used [0x00000000f8c80000,0x00000000f8c80000,0x00000000fa300000)
  to   space 23552K, 0% used [0x00000000fe900000,0x00000000fe900000,0x0000000100000000)
 ParOldGen       total 116736K, used 38978K [0x00000000c0000000, 0x00000000c7200000, 0x00000000eab00000)
  object space 116736K, 33% used [0x00000000c0000000,0x00000000c2610810,0x00000000c7200000)
 Metaspace       used 65116K, capacity 67628K, committed 67712K, reserved 1107968K
  class space    used 8642K, capacity 9303K, committed 9344K, reserved 1048576K
Event: 12.113 GC heap after
Heap after GC invocations=15 (full 3):
 PSYoungGen      total 319488K, used 21348K [0x00000000eab00000, 0x0000000100000000, 0x0000000100000000)
  eden space 295936K, 0% used [0x00000000eab00000,0x00000000eab00000,0x00000000fcc00000)
  from space 23552K, 90% used [0x00000000fe900000,0x00000000ffdd9020,0x0000000100000000)
  to   space 26624K, 0% used [0x00000000fcc00000,0x00000000fcc00000,0x00000000fe600000)
 ParOldGen       total 116736K, used 38986K [0x00000000c0000000, 0x00000000c7200000, 0x00000000eab00000)
  object space 116736K, 33% used [0x00000000c0000000,0x00000000c2612810,0x00000000c7200000)
 Metaspace       used 65116K, capacity 67628K, committed 67712K, reserved 1107968K
  class space    used 8642K, capacity 9303K, committed 9344K, reserved 1048576K
}

Deoptimization events (10 events):
Event: 94.529 Thread 0x000000001a1ec800 Uncommon trap: reason=class_check action=maybe_recompile pc=0x00000000067d7fe8 method=com.sun.org.apache.xerces.internal.dom.AttrImpl.getOwnerElement()Lorg/w3c/dom/Element; @ 15
Event: 94.529 Thread 0x000000001a1ec800 Uncommon trap: reason=class_check action=maybe_recompile pc=0x00000000067dd280 method=com.sun.org.apache.xerces.internal.dom.AttributeMap.setNamedItem(Lorg/w3c/dom/Node;)Lorg/w3c/dom/Node; @ 4
Event: 94.529 Thread 0x000000001a1ec800 Uncommon trap: reason=class_check action=maybe_recompile pc=0x00000000067d7fe8 method=com.sun.org.apache.xerces.internal.dom.AttrImpl.getOwnerElement()Lorg/w3c/dom/Element; @ 15
Event: 94.529 Thread 0x000000001a1ec800 Uncommon trap: reason=bimorphic action=maybe_recompile pc=0x000000000677e510 method=com.sun.org.apache.xerces.internal.dom.CoreDocumentImpl.isKidOK(Lorg/w3c/dom/Node;Lorg/w3c/dom/Node;)Z @ 39
Event: 94.529 Thread 0x000000001a1ec800 Uncommon trap: reason=bimorphic action=maybe_recompile pc=0x000000000677e510 method=com.sun.org.apache.xerces.internal.dom.CoreDocumentImpl.isKidOK(Lorg/w3c/dom/Node;Lorg/w3c/dom/Node;)Z @ 39
Event: 94.529 Thread 0x000000001a1ec800 Uncommon trap: reason=class_check action=maybe_recompile pc=0x00000000067dd280 method=com.sun.org.apache.xerces.internal.dom.AttributeMap.setNamedItem(Lorg/w3c/dom/Node;)Lorg/w3c/dom/Node; @ 4
Event: 94.529 Thread 0x000000001a1ec800 Uncommon trap: reason=class_check action=maybe_recompile pc=0x00000000067d7fe8 method=com.sun.org.apache.xerces.internal.dom.AttrImpl.getOwnerElement()Lorg/w3c/dom/Element; @ 15
Event: 94.529 Thread 0x000000001a1ec800 Uncommon trap: reason=bimorphic action=maybe_recompile pc=0x000000000677e510 method=com.sun.org.apache.xerces.internal.dom.CoreDocumentImpl.isKidOK(Lorg/w3c/dom/Node;Lorg/w3c/dom/Node;)Z @ 39
Event: 94.529 Thread 0x000000001a1ec800 Uncommon trap: reason=bimorphic action=maybe_recompile pc=0x0000000006785878 method=com.sun.org.apache.xerces.internal.dom.CoreDocumentImpl.isKidOK(Lorg/w3c/dom/Node;Lorg/w3c/dom/Node;)Z @ 39
Event: 94.693 Thread 0x000000001a1ec800 Uncommon trap: reason=null_check action=make_not_entrant pc=0x0000000004b2f744 method=com.android.ide.common.res2.NodeUtils.processSingleNodeNamespace(Lorg/w3c/dom/Node;Lorg/w3c/dom/Document;)Z @ 8

Classes redefined (0 events):
No events

Internal exceptions (10 events):
Event: 93.584 Thread 0x000000001a1ec800 Exception <a 'sun/nio/fs/WindowsException'> (0x00000000f673ca68) thrown at [D:\src\AOSP-openjdk-cygwin\jdk8u\hotspot\src\share\vm\prims\jni.cpp, line 709]
Event: 93.647 Thread 0x000000001a1ec800 Exception <a 'sun/nio/fs/WindowsException'> (0x00000000f67a2cc0) thrown at [D:\src\AOSP-openjdk-cygwin\jdk8u\hotspot\src\share\vm\prims\jni.cpp, line 709]
Event: 93.647 Thread 0x000000001a1ec800 Exception <a 'sun/nio/fs/WindowsException'> (0x00000000f67a39c8) thrown at [D:\src\AOSP-openjdk-cygwin\jdk8u\hotspot\src\share\vm\prims\jni.cpp, line 709]
Event: 93.647 Thread 0x000000001a1ec800 Exception <a 'sun/nio/fs/WindowsException'> (0x00000000f67a5a98) thrown at [D:\src\AOSP-openjdk-cygwin\jdk8u\hotspot\src\share\vm\prims\jni.cpp, line 709]
Event: 93.647 Thread 0x000000001a1ec800 Exception <a 'sun/nio/fs/WindowsException'> (0x00000000f67a67b0) thrown at [D:\src\AOSP-openjdk-cygwin\jdk8u\hotspot\src\share\vm\prims\jni.cpp, line 709]
Event: 93.650 Thread 0x000000001a1ec800 Exception <a 'sun/nio/fs/WindowsException'> (0x00000000f67c5c08) thrown at [D:\src\AOSP-openjdk-cygwin\jdk8u\hotspot\src\share\vm\prims\jni.cpp, line 709]
Event: 93.650 Thread 0x000000001a1ec800 Exception <a 'sun/nio/fs/WindowsException'> (0x00000000f67c6910) thrown at [D:\src\AOSP-openjdk-cygwin\jdk8u\hotspot\src\share\vm\prims\jni.cpp, line 709]
Event: 93.650 Thread 0x000000001a1ec800 Exception <a 'sun/nio/fs/WindowsException'> (0x00000000f67c8a08) thrown at [D:\src\AOSP-openjdk-cygwin\jdk8u\hotspot\src\share\vm\prims\jni.cpp, line 709]
Event: 93.650 Thread 0x000000001a1ec800 Exception <a 'sun/nio/fs/WindowsException'> (0x00000000f67c9720) thrown at [D:\src\AOSP-openjdk-cygwin\jdk8u\hotspot\src\share\vm\prims\jni.cpp, line 709]
Event: 94.693 Thread 0x000000001a1ec800 Implicit null exception at 0x0000000004b2f3d7 to 0x0000000004b2f735

Events (10 events):
Event: 94.753 Thread 0x0000000017109000 flushing nmethod 0x0000000006190cd0
Event: 94.760 Thread 0x0000000017109000 flushing nmethod 0x00000000061ec1d0
Event: 94.760 Thread 0x0000000017109000 flushing nmethod 0x000000000621ab50
Event: 94.760 Thread 0x0000000017109000 flushing nmethod 0x0000000006244750
Event: 94.760 Thread 0x0000000017109000 flushing nmethod 0x00000000062a7d10
Event: 94.760 Thread 0x0000000017109000 flushing nmethod 0x00000000062b8090
Event: 94.760 Thread 0x0000000017109000 flushing nmethod 0x00000000062bef50
Event: 94.761 Thread 0x0000000017109000 flushing nmethod 0x000000000644ae50
Event: 94.761 Thread 0x0000000017109000 flushing nmethod 0x0000000006454410
Event: 94.761 Thread 0x0000000017109000 flushing nmethod 0x000000000646bb90


Dynamic libraries:
0x00007ff760780000 - 0x00007ff7607b1000 	C:\Program Files\Android\Android Studio\jre\bin\java.exe
0x00007ff8d2890000 - 0x00007ff8d2a70000 	C:\WINDOWS\SYSTEM32\ntdll.dll
0x00007ff8d1e80000 - 0x00007ff8d1f2e000 	C:\WINDOWS\System32\KERNEL32.DLL
0x00007ff8ced10000 - 0x00007ff8cef76000 	C:\WINDOWS\System32\KERNELBASE.dll
0x00007ff8d1870000 - 0x00007ff8d1911000 	C:\WINDOWS\System32\ADVAPI32.dll
0x00007ff8d2280000 - 0x00007ff8d231d000 	C:\WINDOWS\System32\msvcrt.dll
0x00007ff8d1e20000 - 0x00007ff8d1e7b000 	C:\WINDOWS\System32\sechost.dll
0x00007ff8d1f70000 - 0x00007ff8d208f000 	C:\WINDOWS\System32\RPCRT4.dll
0x00007ff8d1ae0000 - 0x00007ff8d1c6f000 	C:\WINDOWS\System32\USER32.dll
0x00007ff8cec90000 - 0x00007ff8cecb0000 	C:\WINDOWS\System32\win32u.dll
0x00007ff8d1f40000 - 0x00007ff8d1f68000 	C:\WINDOWS\System32\GDI32.dll
0x00007ff8cf350000 - 0x00007ff8cf4e3000 	C:\WINDOWS\System32\gdi32full.dll
0x00007ff8cfcc0000 - 0x00007ff8cfd5b000 	C:\WINDOWS\System32\msvcp_win.dll
0x00007ff8cef80000 - 0x00007ff8cf076000 	C:\WINDOWS\System32\ucrtbase.dll
0x00007ff8c4160000 - 0x00007ff8c43c9000 	C:\WINDOWS\WinSxS\amd64_microsoft.windows.common-controls_6595b64144ccf1df_6.0.16299.309_none_15cfd4c4935e6b11\COMCTL32.dll
0x00007ff8d24d0000 - 0x00007ff8d27d8000 	C:\WINDOWS\System32\combase.dll
0x00007ff8cf4f0000 - 0x00007ff8cf562000 	C:\WINDOWS\System32\bcryptPrimitives.dll
0x00007ff8cfd60000 - 0x00007ff8cfd8d000 	C:\WINDOWS\System32\IMM32.DLL
0x000000006eed0000 - 0x000000006efa2000 	C:\Program Files\Android\Android Studio\jre\jre\bin\msvcr100.dll
0x000000006efb0000 - 0x000000006f7ef000 	C:\Program Files\Android\Android Studio\jre\jre\bin\server\jvm.dll
0x00007ff8d1e10000 - 0x00007ff8d1e18000 	C:\WINDOWS\System32\PSAPI.DLL
0x00007ff8cac00000 - 0x00007ff8cac0a000 	C:\WINDOWS\SYSTEM32\VERSION.dll
0x00007ff8cb690000 - 0x00007ff8cb6b3000 	C:\WINDOWS\SYSTEM32\WINMM.dll
0x00007ff8c37d0000 - 0x00007ff8c37d9000 	C:\WINDOWS\SYSTEM32\WSOCK32.dll
0x00007ff8d1920000 - 0x00007ff8d198c000 	C:\WINDOWS\System32\WS2_32.dll
0x00007ff8cb630000 - 0x00007ff8cb65a000 	C:\WINDOWS\SYSTEM32\WINMMBASE.dll
0x00007ff8cf080000 - 0x00007ff8cf0ca000 	C:\WINDOWS\System32\cfgmgr32.dll
0x00007ff8cac20000 - 0x00007ff8cac2f000 	C:\Program Files\Android\Android Studio\jre\jre\bin\verify.dll
0x00007ff8b8920000 - 0x00007ff8b8949000 	C:\Program Files\Android\Android Studio\jre\jre\bin\java.dll
0x00007ff8b8a40000 - 0x00007ff8b8a56000 	C:\Program Files\Android\Android Studio\jre\jre\bin\zip.dll
0x00007ff8cff00000 - 0x00007ff8d1336000 	C:\WINDOWS\System32\SHELL32.dll
0x00007ff8d1a30000 - 0x00007ff8d1ad6000 	C:\WINDOWS\System32\shcore.dll
0x00007ff8cf570000 - 0x00007ff8cfcb7000 	C:\WINDOWS\System32\windows.storage.dll
0x00007ff8d2320000 - 0x00007ff8d2371000 	C:\WINDOWS\System32\shlwapi.dll
0x00007ff8cec50000 - 0x00007ff8cec61000 	C:\WINDOWS\System32\kernel.appcore.dll
0x00007ff8cec00000 - 0x00007ff8cec4c000 	C:\WINDOWS\System32\powrprof.dll
0x00007ff8cec70000 - 0x00007ff8cec8b000 	C:\WINDOWS\System32\profapi.dll
0x00007ff8b7180000 - 0x00007ff8b719a000 	C:\Program Files\Android\Android Studio\jre\jre\bin\net.dll
0x00007ff8ce470000 - 0x00007ff8ce4d6000 	C:\WINDOWS\system32\mswsock.dll
0x00007ff8b7160000 - 0x00007ff8b7171000 	C:\Program Files\Android\Android Studio\jre\jre\bin\nio.dll
0x00007ff8cabc0000 - 0x00007ff8cabde000 	C:\Users\home\.gradle\native\25\windows-amd64\native-platform.dll
0x00007ff8c1e30000 - 0x00007ff8c1e3d000 	C:\Program Files\Android\Android Studio\jre\jre\bin\management.dll
0x00007ff8ce630000 - 0x00007ff8ce647000 	C:\WINDOWS\SYSTEM32\CRYPTSP.dll
0x00007ff8ce070000 - 0x00007ff8ce0a3000 	C:\WINDOWS\system32\rsaenh.dll
0x00007ff8ce740000 - 0x00007ff8ce765000 	C:\WINDOWS\SYSTEM32\bcrypt.dll
0x00007ff8ceb10000 - 0x00007ff8ceb39000 	C:\WINDOWS\SYSTEM32\USERENV.dll
0x00007ff8ce650000 - 0x00007ff8ce65b000 	C:\WINDOWS\SYSTEM32\CRYPTBASE.dll
0x00007ff8ce200000 - 0x00007ff8ce239000 	C:\WINDOWS\SYSTEM32\IPHLPAPI.DLL
0x00007ff8d1340000 - 0x00007ff8d1348000 	C:\WINDOWS\System32\NSI.dll
0x00007ff8c98f0000 - 0x00007ff8c9906000 	C:\WINDOWS\SYSTEM32\dhcpcsvc6.DLL
0x00007ff8c98d0000 - 0x00007ff8c98ea000 	C:\WINDOWS\SYSTEM32\dhcpcsvc.DLL

VM Arguments:
jvm_args: -XX:+HeapDumpOnOutOfMemoryError -Xmx1024m -Dfile.encoding=x-windows-949 -Duser.country=KR -Duser.language=ko -Duser.variant 
java_command: org.gradle.launcher.daemon.bootstrap.GradleDaemon 4.4
java_class_path (initial): C:\Users\home\.gradle\wrapper\dists\gradle-4.4-all\9br9xq1tocpiv8o6njlyu5op1\gradle-4.4\lib\gradle-launcher-4.4.jar
Launcher Type: SUN_STANDARD

Environment Variables:
PATH=c:\windows\system32;c:\windows;c:\windows\system32\wbem;c:\windows\system32\windowspowershell\v1.0\;c:\windows\system32;c:\windows;c:\windows\system32\wbem;c:\windows\system32\windowspowershell\v1.0\;C:\Program Files (x86)\NVIDIA Corporation\PhysX\Common;C:\Users\home\AppData\Local\Microsoft\WindowsApps;C:\Program Files\Bandizip\;
USERNAME=home
OS=Windows_NT
PROCESSOR_IDENTIFIER=Intel64 Family 6 Model 60 Stepping 3, GenuineIntel



---------------  S Y S T E M  ---------------

OS: Windows 10.0 , 64 bit Build 16299 (10.0.16299.15)

CPU:total 4 (initial active 4) (4 cores per cpu, 1 threads per core) family 6 model 60 stepping 3, cmov, cx8, fxsr, mmx, sse, sse2, sse3, ssse3, sse4.1, sse4.2, popcnt, avx, avx2, aes, clmul, erms, lzcnt, tsc, tscinvbit, bmi1, bmi2

Memory: 4k page, physical 8305676k(1078760k free), swap 8305676k(6120k free)

vm_info: OpenJDK 64-Bit Server VM (25.152-b02) for windows-amd64 JRE (1.8.0_152-release-1024-b02), built by "builder" with MS VC++ 10.0 (VS2010)

time: Tue Apr 10 21:42:33 2018
elapsed time: 94 seconds (0d 0h 1m 34s)

