#
# There is insufficient memory for the Java Runtime Environment to continue.
# Native memory allocation (malloc) failed to allocate 71216 bytes for Chunk::new
# Possible reasons:
#   The system is out of physical RAM or swap space
#   In 32 bit mode, the process size limit was hit
# Possible solutions:
#   Reduce memory load on the system
#   Increase physical memory or swap space
#   Check if swap backing store is full
#   Use 64 bit Java on a 64 bit OS
#   Decrease Java heap size (-Xmx/-Xms)
#   Decrease number of Java threads
#   Decrease Java thread stack sizes (-Xss)
#   Set larger code cache with -XX:ReservedCodeCacheSize=
# This output file may be truncated or incomplete.
#
#  Out of Memory Error (allocation.cpp:390), pid=6736, tid=0x00000000000013a8
#
# JRE version: OpenJDK Runtime Environment (8.0_152-b02) (build 1.8.0_152-release-1024-b02)
# Java VM: OpenJDK 64-Bit Server VM (25.152-b02 mixed mode windows-amd64 compressed oops)
# Failed to write core dump. Minidumps are not enabled by default on client versions of Windows
#

---------------  T H R E A D  ---------------

Current thread (0x00000000170cb800):  JavaThread "C2 CompilerThread1" daemon [_thread_in_native, id=5032, stack(0x0000000018ae0000,0x0000000018be0000)]

Stack: [0x0000000018ae0000,0x0000000018be0000]
[error occurred during error reporting (printing stack bounds), id 0xc0000005]

Native frames: (J=compiled Java code, j=interpreted, Vv=VM code, C=native code)


Current CompileTask:
C2:  89207 13351       4       org.gradle.api.internal.project.taskfactory.DefaultTaskClassValidatorExtractor::mergeDeclaredAnnotations (218 bytes)


---------------  P R O C E S S  ---------------

Java Threads: ( => current thread )
  0x0000000021f28800 JavaThread "build operations Thread 4" [_thread_blocked, id=8812, stack(0x000000002de90000,0x000000002df90000)]
  0x0000000021f20000 JavaThread "build operations Thread 3" [_thread_blocked, id=10832, stack(0x000000002dd90000,0x000000002de90000)]
  0x0000000021f26000 JavaThread "build operations Thread 2" [_thread_blocked, id=2116, stack(0x000000002dc90000,0x000000002dd90000)]
  0x0000000021f24000 JavaThread "build operations" [_thread_blocked, id=6192, stack(0x000000002db90000,0x000000002dc90000)]
  0x0000000021f25800 JavaThread "Cache worker for Artifact transforms cache (C:\Users\home\.gradle\caches\transforms-1)" [_thread_blocked, id=7672, stack(0x000000002da90000,0x000000002db90000)]
  0x0000000021f27000 JavaThread "Cache worker for file hash cache (D:\cloud-vision-master\android\CloudVision\.gradle\4.4\fileHashes)" [_thread_blocked, id=1868, stack(0x000000002d990000,0x000000002da90000)]
  0x0000000021f24800 JavaThread "Stdin handler" [_thread_blocked, id=10568, stack(0x000000002d890000,0x000000002d990000)]
  0x0000000021f21000 JavaThread "Asynchronous log dispatcher for DefaultDaemonConnection: socket connection from /127.0.0.1:6944 to /127.0.0.1:7022" [_thread_blocked, id=9816, stack(0x000000002d790000,0x000000002d890000)]
  0x0000000021f1f800 JavaThread "Cancel handler" [_thread_blocked, id=1112, stack(0x000000002d690000,0x000000002d790000)]
  0x0000000021f23000 JavaThread "Handler for socket connection from /127.0.0.1:6944 to /127.0.0.1:7022" [_thread_in_native, id=7152, stack(0x000000002d590000,0x000000002d690000)]
  0x000000001e5b4000 JavaThread "Memory manager" [_thread_blocked, id=1416, stack(0x00000000217c0000,0x00000000218c0000)]
  0x000000001c443000 JavaThread "pool-1-thread-1" [_thread_blocked, id=5268, stack(0x00000000214c0000,0x00000000215c0000)]
  0x0000000019e2c800 JavaThread "File lock request listener" [_thread_in_native, id=6924, stack(0x000000001b970000,0x000000001ba70000)]
  0x0000000019e2f800 JavaThread "Cache worker for file hash cache (C:\Users\home\.gradle\caches\4.4\fileHashes)" [_thread_blocked, id=2160, stack(0x000000001b870000,0x000000001b970000)]
  0x000000001a02c000 JavaThread "Daemon worker" [_thread_in_vm, id=4232, stack(0x000000001b370000,0x000000001b470000)]
  0x0000000019cfb800 JavaThread "Daemon" [_thread_blocked, id=1784, stack(0x000000001ae70000,0x000000001af70000)]
  0x0000000019f76800 JavaThread "Daemon periodic checks" [_thread_blocked, id=6948, stack(0x000000001ad70000,0x000000001ae70000)]
  0x0000000019f68800 JavaThread "Incoming local TCP Connector on port 6944" [_thread_in_native, id=9580, stack(0x000000001a8b0000,0x000000001a9b0000)]
  0x000000001841d000 JavaThread "Service Thread" daemon [_thread_blocked, id=680, stack(0x0000000018ce0000,0x0000000018de0000)]
  0x00000000170ce000 JavaThread "C1 CompilerThread2" daemon [_thread_blocked, id=856, stack(0x0000000018be0000,0x0000000018ce0000)]
=>0x00000000170cb800 JavaThread "C2 CompilerThread1" daemon [_thread_in_native, id=5032, stack(0x0000000018ae0000,0x0000000018be0000)]
  0x00000000170c8000 JavaThread "C2 CompilerThread0" daemon [_thread_in_native, id=5188, stack(0x00000000189e0000,0x0000000018ae0000)]
  0x000000001707d800 JavaThread "Attach Listener" daemon [_thread_blocked, id=10928, stack(0x00000000188e0000,0x00000000189e0000)]
  0x00000000183e8800 JavaThread "Signal Dispatcher" daemon [_thread_blocked, id=7200, stack(0x00000000187e0000,0x00000000188e0000)]
  0x000000001705e000 JavaThread "Finalizer" daemon [_thread_blocked, id=3484, stack(0x00000000182e0000,0x00000000183e0000)]
  0x0000000004552800 JavaThread "Reference Handler" daemon [_thread_blocked, id=7508, stack(0x00000000181e0000,0x00000000182e0000)]
  0x000000000461d800 JavaThread "main" [_thread_blocked, id=7756, stack(0x0000000002b70000,0x0000000002c70000)]

Other Threads:
  0x0000000017035000 VMThread [stack: 0x00000000180e0000,0x00000000181e0000] [id=7284]
  0x000000001841d800 WatcherThread [stack: 0x0000000018de0000,0x0000000018ee0000] [id=10420]

VM state:not at safepoint (normal execution)

VM Mutex/Monitor currently owned by a thread: None

Heap:
 PSYoungGen      total 320512K, used 305207K [0x00000000eab00000, 0x00000000fff00000, 0x0000000100000000)
  eden space 294912K, 97% used [0x00000000eab00000,0x00000000fc4f0380,0x00000000fcb00000)
  from space 25600K, 64% used [0x00000000fe600000,0x00000000ff61da00,0x00000000fff00000)
  to   space 26624K, 0% used [0x00000000fcb00000,0x00000000fcb00000,0x00000000fe500000)
 ParOldGen       total 131072K, used 68629K [0x00000000c0000000, 0x00000000c8000000, 0x00000000eab00000)
  object space 131072K, 52% used [0x00000000c0000000,0x00000000c4305768,0x00000000c8000000)
 Metaspace       used 78490K, capacity 81688K, committed 81752K, reserved 1120256K
  class space    used 10495K, capacity 11299K, committed 11352K, reserved 1048576K

Card table byte_map: [0x0000000013d60000,0x0000000013f70000] byte_map_base: 0x0000000013760000

Marking Bits: (ParMarkBitMap*) 0x000000006f774970
 Begin Bits: [0x00000000144d0000, 0x00000000154d0000)
 End Bits:   [0x00000000154d0000, 0x00000000164d0000)

Polling page: 0x0000000002730000

CodeCache: size=245760Kb used=35697Kb max_used=36006Kb free=210062Kb
 bounds [0x00000000049a0000, 0x0000000006d70000, 0x00000000139a0000]
 total_blobs=11757 nmethods=10916 adapters=753
 compilation: enabled

Compilation events (10 events):
Event: 89.157 Thread 0x00000000170ce000 13367       3       org.gradle.api.internal.tasks.DefaultTaskInputs$1::call (5 bytes)
Event: 89.157 Thread 0x00000000170ce000 nmethod 13367 0x0000000005179c10 code [0x0000000005179dc0, 0x000000000517a268]
Event: 89.157 Thread 0x00000000170ce000 13368       3       org.gradle.api.internal.tasks.DefaultTaskInputs$1::call (22 bytes)
Event: 89.158 Thread 0x00000000170ce000 nmethod 13368 0x00000000068298d0 code [0x0000000006829a60, 0x0000000006829ea8]
Event: 89.158 Thread 0x00000000170ce000 13369       3       org.gradle.api.internal.tasks.DefaultTaskInputs::access$000 (5 bytes)
Event: 89.158 Thread 0x00000000170ce000 nmethod 13369 0x00000000051797d0 code [0x0000000005179940, 0x0000000005179b30]
Event: 89.158 Thread 0x00000000170ce000 13370       3       org.gradle.api.internal.tasks.DefaultTaskInputs::unpackVarargs (12 bytes)
Event: 89.158 Thread 0x00000000170ce000 nmethod 13370 0x0000000006829510 code [0x0000000006829660, 0x00000000068297f0]
Event: 89.158 Thread 0x00000000170ce000 13371       3       com.google.common.collect.Iterators$5::transform (11 bytes)
Event: 89.159 Thread 0x00000000170ce000 nmethod 13371 0x0000000006829090 code [0x0000000006829200, 0x0000000006829428]

GC Heap History (10 events):
Event: 7.868 GC heap before
{Heap before GC invocations=13 (full 3):
 PSYoungGen      total 289792K, used 17323K [0x00000000eab00000, 0x00000000fea00000, 0x0000000100000000)
  eden space 266240K, 0% used [0x00000000eab00000,0x00000000eab00000,0x00000000faf00000)
  from space 23552K, 73% used [0x00000000fc700000,0x00000000fd7eac60,0x00000000fde00000)
  to   space 24576K, 0% used [0x00000000faf00000,0x00000000faf00000,0x00000000fc700000)
 ParOldGen       total 83456K, used 43001K [0x00000000c0000000, 0x00000000c5180000, 0x00000000eab00000)
  object space 83456K, 51% used [0x00000000c0000000,0x00000000c29fe6e8,0x00000000c5180000)
 Metaspace       used 56938K, capacity 58918K, committed 59028K, reserved 1099776K
  class space    used 7886K, capacity 8398K, committed 8408K, reserved 1048576K
Event: 8.024 GC heap after
Heap after GC invocations=13 (full 3):
 PSYoungGen      total 289792K, used 0K [0x00000000eab00000, 0x00000000fea00000, 0x0000000100000000)
  eden space 266240K, 0% used [0x00000000eab00000,0x00000000eab00000,0x00000000faf00000)
  from space 23552K, 0% used [0x00000000fc700000,0x00000000fc700000,0x00000000fde00000)
  to   space 24576K, 0% used [0x00000000faf00000,0x00000000faf00000,0x00000000fc700000)
 ParOldGen       total 131072K, used 47013K [0x00000000c0000000, 0x00000000c8000000, 0x00000000eab00000)
  object space 131072K, 35% used [0x00000000c0000000,0x00000000c2de9710,0x00000000c8000000)
 Metaspace       used 56938K, capacity 58918K, committed 59028K, reserved 1099776K
  class space    used 7886K, capacity 8398K, committed 8408K, reserved 1048576K
}
Event: 46.825 GC heap before
{Heap before GC invocations=14 (full 3):
 PSYoungGen      total 289792K, used 266240K [0x00000000eab00000, 0x00000000fea00000, 0x0000000100000000)
  eden space 266240K, 100% used [0x00000000eab00000,0x00000000faf00000,0x00000000faf00000)
  from space 23552K, 0% used [0x00000000fc700000,0x00000000fc700000,0x00000000fde00000)
  to   space 24576K, 0% used [0x00000000faf00000,0x00000000faf00000,0x00000000fc700000)
 ParOldGen       total 131072K, used 47013K [0x00000000c0000000, 0x00000000c8000000, 0x00000000eab00000)
  object space 131072K, 35% used [0x00000000c0000000,0x00000000c2de9710,0x00000000c8000000)
 Metaspace       used 64485K, capacity 67084K, committed 67160K, reserved 1107968K
  class space    used 8633K, capacity 9279K, committed 9304K, reserved 1048576K
Event: 46.842 GC heap after
Heap after GC invocations=14 (full 3):
 PSYoungGen      total 290816K, used 13803K [0x00000000eab00000, 0x0000000100000000, 0x0000000100000000)
  eden space 266240K, 0% used [0x00000000eab00000,0x00000000eab00000,0x00000000faf00000)
  from space 24576K, 56% used [0x00000000faf00000,0x00000000fbc7aff8,0x00000000fc700000)
  to   space 24064K, 0% used [0x00000000fe880000,0x00000000fe880000,0x0000000100000000)
 ParOldGen       total 131072K, used 47021K [0x00000000c0000000, 0x00000000c8000000, 0x00000000eab00000)
  object space 131072K, 35% used [0x00000000c0000000,0x00000000c2deb710,0x00000000c8000000)
 Metaspace       used 64485K, capacity 67084K, committed 67160K, reserved 1107968K
  class space    used 8633K, capacity 9279K, committed 9304K, reserved 1048576K
}
Event: 51.947 GC heap before
{Heap before GC invocations=15 (full 3):
 PSYoungGen      total 290816K, used 280043K [0x00000000eab00000, 0x0000000100000000, 0x0000000100000000)
  eden space 266240K, 100% used [0x00000000eab00000,0x00000000faf00000,0x00000000faf00000)
  from space 24576K, 56% used [0x00000000faf00000,0x00000000fbc7aff8,0x00000000fc700000)
  to   space 24064K, 0% used [0x00000000fe880000,0x00000000fe880000,0x0000000100000000)
 ParOldGen       total 131072K, used 47021K [0x00000000c0000000, 0x00000000c8000000, 0x00000000eab00000)
  object space 131072K, 35% used [0x00000000c0000000,0x00000000c2deb710,0x00000000c8000000)
 Metaspace       used 73313K, capacity 76142K, committed 76376K, reserved 1116160K
  class space    used 9582K, capacity 10310K, committed 10328K, reserved 1048576K
Event: 51.986 GC heap after
Heap after GC invocations=15 (full 3):
 PSYoungGen      total 317952K, used 24055K [0x00000000eab00000, 0x0000000100000000, 0x0000000100000000)
  eden space 293888K, 0% used [0x00000000eab00000,0x00000000eab00000,0x00000000fca00000)
  from space 24064K, 99% used [0x00000000fe880000,0x00000000ffffdd00,0x0000000100000000)
  to   space 27648K, 0% used [0x00000000fca00000,0x00000000fca00000,0x00000000fe500000)
 ParOldGen       total 131072K, used 48115K [0x00000000c0000000, 0x00000000c8000000, 0x00000000eab00000)
  object space 131072K, 36% used [0x00000000c0000000,0x00000000c2efcdc0,0x00000000c8000000)
 Metaspace       used 73313K, capacity 76142K, committed 76376K, reserved 1116160K
  class space    used 9582K, capacity 10310K, committed 10328K, reserved 1048576K
}
Event: 55.025 GC heap before
{Heap before GC invocations=16 (full 3):
 PSYoungGen      total 317952K, used 317456K [0x00000000eab00000, 0x0000000100000000, 0x0000000100000000)
  eden space 293888K, 99% used [0x00000000eab00000,0x00000000fc986530,0x00000000fca00000)
  from space 24064K, 99% used [0x00000000fe880000,0x00000000ffffdd00,0x0000000100000000)
  to   space 27648K, 0% used [0x00000000fca00000,0x00000000fca00000,0x00000000fe500000)
 ParOldGen       total 131072K, used 48115K [0x00000000c0000000, 0x00000000c8000000, 0x00000000eab00000)
  object space 131072K, 36% used [0x00000000c0000000,0x00000000c2efcdc0,0x00000000c8000000)
 Metaspace       used 74347K, capacity 77252K, committed 77400K, reserved 1116160K
  class space    used 9734K, capacity 10481K, committed 10584K, reserved 1048576K
Event: 55.051 GC heap after
Heap after GC invocations=16 (full 3):
 PSYoungGen      total 321536K, used 11067K [0x00000000eab00000, 0x0000000100000000, 0x0000000100000000)
  eden space 293888K, 0% used [0x00000000eab00000,0x00000000eab00000,0x00000000fca00000)
  from space 27648K, 40% used [0x00000000fca00000,0x00000000fd4ced68,0x00000000fe500000)
  to   space 26624K, 0% used [0x00000000fe600000,0x00000000fe600000,0x0000000100000000)
 ParOldGen       total 131072K, used 68621K [0x00000000c0000000, 0x00000000c8000000, 0x00000000eab00000)
  object space 131072K, 52% used [0x00000000c0000000,0x00000000c4303768,0x00000000c8000000)
 Metaspace       used 74347K, capacity 77252K, committed 77400K, reserved 1116160K
  class space    used 9734K, capacity 10481K, committed 10584K, reserved 1048576K
}
Event: 56.252 GC heap before
{Heap before GC invocations=17 (full 3):
 PSYoungGen      total 321536K, used 304955K [0x00000000eab00000, 0x0000000100000000, 0x0000000100000000)
  eden space 293888K, 100% used [0x00000000eab00000,0x00000000fca00000,0x00000000fca00000)
  from space 27648K, 40% used [0x00000000fca00000,0x00000000fd4ced68,0x00000000fe500000)
  to   space 26624K, 0% used [0x00000000fe600000,0x00000000fe600000,0x0000000100000000)
 ParOldGen       total 131072K, used 68621K [0x00000000c0000000, 0x00000000c8000000, 0x00000000eab00000)
  object space 131072K, 52% used [0x00000000c0000000,0x00000000c4303768,0x00000000c8000000)
 Metaspace       used 76932K, capacity 80082K, committed 80216K, reserved 1118208K
  class space    used 10225K, capacity 10998K, committed 11096K, reserved 1048576K
Event: 56.273 GC heap after
Heap after GC invocations=17 (full 3):
 PSYoungGen      total 320512K, used 16502K [0x00000000eab00000, 0x00000000fff00000, 0x0000000100000000)
  eden space 294912K, 0% used [0x00000000eab00000,0x00000000eab00000,0x00000000fcb00000)
  from space 25600K, 64% used [0x00000000fe600000,0x00000000ff61da00,0x00000000fff00000)
  to   space 26624K, 0% used [0x00000000fcb00000,0x00000000fcb00000,0x00000000fe500000)
 ParOldGen       total 131072K, used 68629K [0x00000000c0000000, 0x00000000c8000000, 0x00000000eab00000)
  object space 131072K, 52% used [0x00000000c0000000,0x00000000c4305768,0x00000000c8000000)
 Metaspace       used 76932K, capacity 80082K, committed 80216K, reserved 1118208K
  class space    used 10225K, capacity 10998K, committed 11096K, reserved 1048576K
}

Deoptimization events (10 events):
Event: 88.884 Thread 0x0000000021f23000 Uncommon trap: reason=class_check action=maybe_recompile pc=0x0000000006183d98 method=java.lang.reflect.Array.newInstance(Ljava/lang/Class;I)Ljava/lang/Object; @ 2
Event: 88.888 Thread 0x0000000019cfb800 Uncommon trap: reason=unstable_if action=reinterpret pc=0x0000000004b558f8 method=java.io.ExpiringCache.entryFor(Ljava/lang/String;)Ljava/io/ExpiringCache$Entry; @ 39
Event: 88.888 Thread 0x0000000019cfb800 Uncommon trap: reason=bimorphic action=maybe_recompile pc=0x000000000626a748 method=java.util.HashMap.removeNode(ILjava/lang/Object;Ljava/lang/Object;ZZ)Ljava/util/HashMap$Node; @ 283
Event: 88.888 Thread 0x0000000019cfb800 Uncommon trap: reason=bimorphic action=maybe_recompile pc=0x000000000626a748 method=java.util.HashMap.removeNode(ILjava/lang/Object;Ljava/lang/Object;ZZ)Ljava/util/HashMap$Node; @ 283
Event: 88.925 Thread 0x0000000021f24800 Uncommon trap: reason=unstable_if action=reinterpret pc=0x00000000063b00f4 method=org.gradle.internal.logging.sink.OutputEventRenderer.onOutput(Lorg/gradle/internal/logging/events/OutputEvent;)V @ 24
Event: 88.983 Thread 0x000000001a02c000 Uncommon trap: reason=class_check action=maybe_recompile pc=0x0000000006c333a8 method=com.google.common.collect.AbstractSetMultimap.get(Ljava/lang/Object;)Ljava/util/Collection; @ 2
Event: 88.984 Thread 0x000000001a02c000 Uncommon trap: reason=class_check action=maybe_recompile pc=0x0000000006c333a8 method=com.google.common.collect.AbstractSetMultimap.get(Ljava/lang/Object;)Ljava/util/Collection; @ 2
Event: 88.984 Thread 0x000000001a02c000 Uncommon trap: reason=class_check action=maybe_recompile pc=0x0000000006c333a8 method=com.google.common.collect.AbstractSetMultimap.get(Ljava/lang/Object;)Ljava/util/Collection; @ 2
Event: 88.985 Thread 0x000000001a02c000 Uncommon trap: reason=class_check action=maybe_recompile pc=0x0000000006c333a8 method=com.google.common.collect.AbstractSetMultimap.get(Ljava/lang/Object;)Ljava/util/Collection; @ 2
Event: 89.119 Thread 0x000000001a02c000 Uncommon trap: reason=unstable_if action=reinterpret pc=0x000000000553572c method=com.google.common.base.CharMatcher$IsEither.matches(C)Z @ 5

Classes redefined (0 events):
No events

Internal exceptions (10 events):
Event: 89.141 Thread 0x000000001a02c000 Exception <a 'sun/nio/fs/WindowsException'> (0x00000000fc366140) thrown at [D:\src\AOSP-openjdk-cygwin\jdk8u\hotspot\src\share\vm\prims\jni.cpp, line 709]
Event: 89.141 Thread 0x000000001a02c000 Exception <a 'sun/nio/fs/WindowsException'> (0x00000000fc367640) thrown at [D:\src\AOSP-openjdk-cygwin\jdk8u\hotspot\src\share\vm\prims\jni.cpp, line 709]
Event: 89.141 Thread 0x000000001a02c000 Exception <a 'sun/nio/fs/WindowsException'> (0x00000000fc368cb0) thrown at [D:\src\AOSP-openjdk-cygwin\jdk8u\hotspot\src\share\vm\prims\jni.cpp, line 709]
Event: 89.141 Thread 0x000000001a02c000 Exception <a 'sun/nio/fs/WindowsException'> (0x00000000fc36a1a8) thrown at [D:\src\AOSP-openjdk-cygwin\jdk8u\hotspot\src\share\vm\prims\jni.cpp, line 709]
Event: 89.142 Thread 0x000000001a02c000 Exception <a 'sun/nio/fs/WindowsException'> (0x00000000fc372120) thrown at [D:\src\AOSP-openjdk-cygwin\jdk8u\hotspot\src\share\vm\prims\jni.cpp, line 709]
Event: 89.142 Thread 0x000000001a02c000 Exception <a 'sun/nio/fs/WindowsException'> (0x00000000fc373630) thrown at [D:\src\AOSP-openjdk-cygwin\jdk8u\hotspot\src\share\vm\prims\jni.cpp, line 709]
Event: 89.143 Thread 0x000000001a02c000 Exception <a 'sun/nio/fs/WindowsException'> (0x00000000fc3756d0) thrown at [D:\src\AOSP-openjdk-cygwin\jdk8u\hotspot\src\share\vm\prims\jni.cpp, line 709]
Event: 89.143 Thread 0x000000001a02c000 Exception <a 'sun/nio/fs/WindowsException'> (0x00000000fc376bd0) thrown at [D:\src\AOSP-openjdk-cygwin\jdk8u\hotspot\src\share\vm\prims\jni.cpp, line 709]
Event: 89.143 Thread 0x000000001a02c000 Exception <a 'sun/nio/fs/WindowsException'> (0x00000000fc378240) thrown at [D:\src\AOSP-openjdk-cygwin\jdk8u\hotspot\src\share\vm\prims\jni.cpp, line 709]
Event: 89.143 Thread 0x000000001a02c000 Exception <a 'sun/nio/fs/WindowsException'> (0x00000000fc379738) thrown at [D:\src\AOSP-openjdk-cygwin\jdk8u\hotspot\src\share\vm\prims\jni.cpp, line 709]

Events (10 events):
Event: 89.047 Thread 0x00000000170ce000 flushing nmethod 0x00000000064d1e10
Event: 89.047 Thread 0x00000000170ce000 flushing nmethod 0x00000000064d2610
Event: 89.048 Thread 0x00000000170ce000 flushing nmethod 0x000000000664c690
Event: 89.048 Thread 0x00000000170ce000 flushing nmethod 0x00000000066aa050
Event: 89.062 Thread 0x00000000170ce000 flushing nmethod 0x0000000006ab99d0
Event: 89.062 Thread 0x00000000170ce000 flushing nmethod 0x0000000006af4650
Event: 89.062 Thread 0x00000000170ce000 flushing nmethod 0x0000000006b90190
Event: 89.119 Thread 0x000000001a02c000 Uncommon trap: trap_request=0xffffff65 fr.pc=0x000000000553572c
Event: 89.119 Thread 0x000000001a02c000 DEOPT PACKING pc=0x000000000553572c sp=0x000000001b46b670
Event: 89.119 Thread 0x000000001a02c000 DEOPT UNPACKING pc=0x00000000049e557b sp=0x000000001b46b610 mode 2


Dynamic libraries:
0x00007ff760780000 - 0x00007ff7607b1000 	C:\Program Files\Android\Android Studio\jre\bin\java.exe
0x00007ff8d2890000 - 0x00007ff8d2a70000 	C:\WINDOWS\SYSTEM32\ntdll.dll
0x00007ff8d1e80000 - 0x00007ff8d1f2e000 	C:\WINDOWS\System32\KERNEL32.DLL
0x00007ff8ced10000 - 0x00007ff8cef76000 	C:\WINDOWS\System32\KERNELBASE.dll
0x00007ff8d1870000 - 0x00007ff8d1911000 	C:\WINDOWS\System32\ADVAPI32.dll
0x00007ff8d2280000 - 0x00007ff8d231d000 	C:\WINDOWS\System32\msvcrt.dll
0x00007ff8d1e20000 - 0x00007ff8d1e7b000 	C:\WINDOWS\System32\sechost.dll
0x00007ff8d1f70000 - 0x00007ff8d208f000 	C:\WINDOWS\System32\RPCRT4.dll
0x00007ff8d1ae0000 - 0x00007ff8d1c6f000 	C:\WINDOWS\System32\USER32.dll
0x00007ff8cec90000 - 0x00007ff8cecb0000 	C:\WINDOWS\System32\win32u.dll
0x00007ff8d1f40000 - 0x00007ff8d1f68000 	C:\WINDOWS\System32\GDI32.dll
0x00007ff8cf350000 - 0x00007ff8cf4e3000 	C:\WINDOWS\System32\gdi32full.dll
0x00007ff8cfcc0000 - 0x00007ff8cfd5b000 	C:\WINDOWS\System32\msvcp_win.dll
0x00007ff8cef80000 - 0x00007ff8cf076000 	C:\WINDOWS\System32\ucrtbase.dll
0x00007ff8c4160000 - 0x00007ff8c43c9000 	C:\WINDOWS\WinSxS\amd64_microsoft.windows.common-controls_6595b64144ccf1df_6.0.16299.309_none_15cfd4c4935e6b11\COMCTL32.dll
0x00007ff8d24d0000 - 0x00007ff8d27d8000 	C:\WINDOWS\System32\combase.dll
0x00007ff8cf4f0000 - 0x00007ff8cf562000 	C:\WINDOWS\System32\bcryptPrimitives.dll
0x00007ff8cfd60000 - 0x00007ff8cfd8d000 	C:\WINDOWS\System32\IMM32.DLL
0x000000006eed0000 - 0x000000006efa2000 	C:\Program Files\Android\Android Studio\jre\jre\bin\msvcr100.dll
0x000000006efb0000 - 0x000000006f7ef000 	C:\Program Files\Android\Android Studio\jre\jre\bin\server\jvm.dll
0x00007ff8d1e10000 - 0x00007ff8d1e18000 	C:\WINDOWS\System32\PSAPI.DLL
0x00007ff8c37d0000 - 0x00007ff8c37d9000 	C:\WINDOWS\SYSTEM32\WSOCK32.dll
0x00007ff8cb690000 - 0x00007ff8cb6b3000 	C:\WINDOWS\SYSTEM32\WINMM.dll
0x00007ff8d1920000 - 0x00007ff8d198c000 	C:\WINDOWS\System32\WS2_32.dll
0x00007ff8cac00000 - 0x00007ff8cac0a000 	C:\WINDOWS\SYSTEM32\VERSION.dll
0x00007ff8cb630000 - 0x00007ff8cb65a000 	C:\WINDOWS\SYSTEM32\WINMMBASE.dll
0x00007ff8cf080000 - 0x00007ff8cf0ca000 	C:\WINDOWS\System32\cfgmgr32.dll
0x00007ff8cac20000 - 0x00007ff8cac2f000 	C:\Program Files\Android\Android Studio\jre\jre\bin\verify.dll
0x00007ff8b8920000 - 0x00007ff8b8949000 	C:\Program Files\Android\Android Studio\jre\jre\bin\java.dll
0x00007ff8b8a40000 - 0x00007ff8b8a56000 	C:\Program Files\Android\Android Studio\jre\jre\bin\zip.dll
0x00007ff8cff00000 - 0x00007ff8d1336000 	C:\WINDOWS\System32\SHELL32.dll
0x00007ff8d1a30000 - 0x00007ff8d1ad6000 	C:\WINDOWS\System32\shcore.dll
0x00007ff8cf570000 - 0x00007ff8cfcb7000 	C:\WINDOWS\System32\windows.storage.dll
0x00007ff8d2320000 - 0x00007ff8d2371000 	C:\WINDOWS\System32\shlwapi.dll
0x00007ff8cec50000 - 0x00007ff8cec61000 	C:\WINDOWS\System32\kernel.appcore.dll
0x00007ff8cec00000 - 0x00007ff8cec4c000 	C:\WINDOWS\System32\powrprof.dll
0x00007ff8cec70000 - 0x00007ff8cec8b000 	C:\WINDOWS\System32\profapi.dll
0x00007ff8b7180000 - 0x00007ff8b719a000 	C:\Program Files\Android\Android Studio\jre\jre\bin\net.dll
0x00007ff8ce470000 - 0x00007ff8ce4d6000 	C:\WINDOWS\system32\mswsock.dll
0x00007ff8b7160000 - 0x00007ff8b7171000 	C:\Program Files\Android\Android Studio\jre\jre\bin\nio.dll
0x00007ff8cabc0000 - 0x00007ff8cabde000 	C:\Users\home\.gradle\native\25\windows-amd64\native-platform.dll
0x00007ff8c1e30000 - 0x00007ff8c1e3d000 	C:\Program Files\Android\Android Studio\jre\jre\bin\management.dll
0x00007ff8ce630000 - 0x00007ff8ce647000 	C:\WINDOWS\SYSTEM32\CRYPTSP.dll
0x00007ff8ce070000 - 0x00007ff8ce0a3000 	C:\WINDOWS\system32\rsaenh.dll
0x00007ff8ce740000 - 0x00007ff8ce765000 	C:\WINDOWS\SYSTEM32\bcrypt.dll
0x00007ff8ceb10000 - 0x00007ff8ceb39000 	C:\WINDOWS\SYSTEM32\USERENV.dll
0x00007ff8ce650000 - 0x00007ff8ce65b000 	C:\WINDOWS\SYSTEM32\CRYPTBASE.dll
0x00007ff8ce200000 - 0x00007ff8ce239000 	C:\WINDOWS\SYSTEM32\IPHLPAPI.DLL
0x00007ff8d1340000 - 0x00007ff8d1348000 	C:\WINDOWS\System32\NSI.dll
0x00007ff8c98f0000 - 0x00007ff8c9906000 	C:\WINDOWS\SYSTEM32\dhcpcsvc6.DLL
0x00007ff8c98d0000 - 0x00007ff8c98ea000 	C:\WINDOWS\SYSTEM32\dhcpcsvc.DLL
0x00007ff8b70b0000 - 0x00007ff8b70d4000 	C:\Program Files\Android\Android Studio\jre\jre\bin\sunec.dll
0x00007ff8ce240000 - 0x00007ff8ce2f6000 	C:\WINDOWS\SYSTEM32\DNSAPI.dll
0x000000006fb90000 - 0x000000006fbb6000 	C:\Program Files\Bonjour\mdnsNSP.dll
0x00007ff8c88d0000 - 0x00007ff8c88da000 	C:\Windows\System32\rasadhlp.dll
0x00007ff8c9240000 - 0x00007ff8c92b0000 	C:\WINDOWS\System32\fwpuclnt.dll
0x00007ff8b7060000 - 0x00007ff8b706b000 	C:\Program Files\Android\Android Studio\jre\jre\bin\sunmscapi.dll
0x00007ff8cf0d0000 - 0x00007ff8cf29e000 	C:\WINDOWS\System32\CRYPT32.dll
0x00007ff8cebe0000 - 0x00007ff8cebf2000 	C:\WINDOWS\System32\MSASN1.dll
0x00007ff8cdd10000 - 0x00007ff8cdd41000 	C:\WINDOWS\SYSTEM32\ntmarta.dll

VM Arguments:
jvm_args: -XX:+HeapDumpOnOutOfMemoryError -Xmx1024m -Dfile.encoding=x-windows-949 -Duser.country=KR -Duser.language=ko -Duser.variant 
java_command: org.gradle.launcher.daemon.bootstrap.GradleDaemon 4.4
java_class_path (initial): C:\Users\home\.gradle\wrapper\dists\gradle-4.4-all\9br9xq1tocpiv8o6njlyu5op1\gradle-4.4\lib\gradle-launcher-4.4.jar
Launcher Type: SUN_STANDARD

Environment Variables:
PATH=c:\windows\system32;c:\windows;c:\windows\system32\wbem;c:\windows\system32\windowspowershell\v1.0\;c:\windows\system32;c:\windows;c:\windows\system32\wbem;c:\windows\system32\windowspowershell\v1.0\;C:\Program Files (x86)\NVIDIA Corporation\PhysX\Common;C:\Users\home\AppData\Local\Microsoft\WindowsApps;C:\Program Files\Bandizip\;
USERNAME=home
OS=Windows_NT
PROCESSOR_IDENTIFIER=Intel64 Family 6 Model 60 Stepping 3, GenuineIntel



---------------  S Y S T E M  ---------------

OS: Windows 10.0 , 64 bit Build 16299 (10.0.16299.15)

CPU:total 4 (initial active 4) (4 cores per cpu, 1 threads per core) family 6 model 60 stepping 3, cmov, cx8, fxsr, mmx, sse, sse2, sse3, ssse3, sse4.1, sse4.2, popcnt, avx, avx2, aes, clmul, erms, lzcnt, tsc, tscinvbit, bmi1, bmi2

Memory: 4k page, physical 8305676k(1045988k free), swap 8305676k(1708k free)

vm_info: OpenJDK 64-Bit Server VM (25.152-b02) for windows-amd64 JRE (1.8.0_152-release-1024-b02), built by "builder" with MS VC++ 10.0 (VS2010)

time: Tue Apr 10 21:40:31 2018
elapsed time: 89 seconds (0d 0h 1m 29s)

